
INFO 2017-08-01 14:37:29,040 cli Automatically enabling applications.
INFO 2017-08-01 14:37:29,040 cli Running update routines for new version...
INFO 2017-08-01 14:37:36,040 cli Running 'kolibri start' as daemon (system service)
INFO 2017-08-01 14:37:36,040 cli Going to daemon mode, logging to C:\Users\IEUser\.kolibri\server.log


INFO 2017-08-01 14:42:32,826 api In startlocalimport...
INFO 2017-08-01 14:42:32,838 api Scheduled task with job_id = eee50ac9043b4e90b6da40edfe460268
INFO 2017-08-01 14:42:32,841 api Job status:<Job id: eee50ac9043b4e90b6da40edfe460268 state: SCHEDULED progress: 0/0 func: kolibri.tasks.api._localimport>
INFO 2017-08-01 14:42:32,842 api in _job_to_response ########
INFO 2017-08-01 14:42:32,842 api {'status': 'SCHEDULED', 'exception': 'None', 'traceback': '', 'percentage': 0, 'type': 'remoteimport', 'id': 'eee50ac9043b4e90b6da40edfe460268'}

INFO 2017-08-01 14:42:33,438 api in _localimport >>>>>>>>>>>>>>>>>>>>>>>>>>>>>>>>>>>>>>>>>>
INFO 2017-08-01 14:42:33,575 importchannel Copying in data for channel id 8ca4d9403d4d5d938b4aa498a24c8177
INFO 2017-08-01 14:42:33,576 importchannel in _transfer. method = copychannel_id = 8ca4d9403d4d5d938b4aa498a24c8177
INFO 2017-08-01 14:42:33,576 transfer In Transfer.__init__ with {'started': False, 'closed': False, 'finalized': False, 'dest': u'C:\\Users\\IEUser\\.kolibri\\content\\databases\\8ca4d9403d4d5d938b4aa498a24c8177.sqlite3', 'completed': False, 'source': 'F:\\KOLIBRI_DATA\\content\\databases\\8ca4d9403d4d5d938b4aa498a24c8177.sqlite3', 'timeout': 20, 'block_size': 2097152, 'dest_tmp': u'C:\\Users\\IEUser\\.kolibri\\content\\databases\\8ca4d9403d4d5d938b4aa498a24c8177.sqlite3.transfer'}
INFO 2017-08-01 14:42:33,582 transfer in Transfer.__enter__
INFO 2017-08-01 14:42:33,585 transfer in FileCopy.start  _____________
INFO 2017-08-01 14:42:33,585 importchannel in filetransfer context...
INFO 2017-08-01 14:42:33,589 importchannel processing chunk:::
INFO 2017-08-01 14:42:33,592 transfer in FileCopy.close  _____________
INFO 2017-08-01 14:42:33,595 api in _job_to_response ########
INFO 2017-08-01 14:42:33,595 api job is truthy
INFO 2017-08-01 14:42:33,595 api {'status': 'QUEUED', 'exception': 'None', 'traceback': '', 'percentage': 0, 'type': 'remoteimport', 'id': 'eee50ac9043b4e90b6da40edfe460268'}
INFO 2017-08-01 14:42:33,598 transfer in Transfer.__exit__
INFO 2017-08-01 14:42:33,599 importchannel should have exited filetransfer context by now...


INFO 2017-08-01 14:42:33,638 importcontent in _transfer. method = copychannel_id = 8ca4d9403d4d5d938b4aa498a24c8177
INFO 2017-08-01 14:42:33,641 transfer In Transfer.__init__ with {'started': False, 'closed': False, 'finalized': False, 'dest': u'C:\\Users\\IEUser\\.kolibri\\content\\storage\\a\\2\\a2a7aed34e8a17e11f52790ebae1289d.png', 'completed': False, 'source': 'F:\\KOLIBRI_DATA\\content\\storage\\a\\2\\a2a7aed34e8a17e11f52790ebae1289d.png', 'timeout': 20, 'block_size': 2097152, 'dest_tmp': u'C:\\Users\\IEUser\\.kolibri\\content\\storage\\a\\2\\a2a7aed34e8a17e11f52790ebae1289d.png.transfer'}
INFO 2017-08-01 14:42:33,642 transfer in Transfer.__enter__
INFO 2017-08-01 14:42:33,642 transfer in FileCopy.start  _____________
INFO 2017-08-01 14:42:33,677 transfer in FileCopy.close  _____________
INFO 2017-08-01 14:42:33,678 transfer in Transfer.__exit__
INFO 2017-08-01 14:42:33,680 transfer In Transfer.__init__ with {'started': False, 'closed': False, 'finalized': False, 'dest': u'C:\\Users\\IEUser\\.kolibri\\content\\storage\\4\\c\\4c4ddad6951ed68ed8875f6f5991c2ee.mp4', 'completed': False, 'source': 'F:\\KOLIBRI_DATA\\content\\storage\\4\\c\\4c4ddad6951ed68ed8875f6f5991c2ee.mp4', 'timeout': 20, 'block_size': 2097152, 'dest_tmp': u'C:\\Users\\IEUser\\.kolibri\\content\\storage\\4\\c\\4c4ddad6951ed68ed8875f6f5991c2ee.mp4.transfer'}
INFO 2017-08-01 14:42:33,681 transfer in Transfer.__enter__
INFO 2017-08-01 14:42:33,681 transfer in FileCopy.start  _____________
INFO 2017-08-01 14:42:34,140 transfer in FileCopy.close  _____________
INFO 2017-08-01 14:42:34,144 transfer in Transfer.__exit__
INFO 2017-08-01 14:42:34,145 transfer In Transfer.__init__ with {'started': False, 'closed': False, 'finalized': False, 'dest': u'C:\\Users\\IEUser\\.kolibri\\content\\storage\\e\\1\\e1e9fefb1233b79a7a9bbb57566cda8e.mp4', 'completed': False, 'source': 'F:\\KOLIBRI_DATA\\content\\storage\\e\\1\\e1e9fefb1233b79a7a9bbb57566cda8e.mp4', 'timeout': 20, 'block_size': 2097152, 'dest_tmp': u'C:\\Users\\IEUser\\.kolibri\\content\\storage\\e\\1\\e1e9fefb1233b79a7a9bbb57566cda8e.mp4.transfer'}
INFO 2017-08-01 14:42:34,147 transfer in Transfer.__enter__
INFO 2017-08-01 14:42:34,147 transfer in FileCopy.start  _____________
INFO 2017-08-01 14:42:34,464 api in _job_to_response ########
INFO 2017-08-01 14:42:34,464 api job is truthy
INFO 2017-08-01 14:42:34,466 api {'status': 'RUNNING', 'exception': 'None', 'traceback': '', 'percentage': 0.000581157992441363, 'type': 'remoteimport', 'id': 'eee50ac9043b4e90b6da40edfe460268'}
INFO 2017-08-01 14:42:35,461 api in _job_to_response ########
INFO 2017-08-01 14:42:35,461 api job is truthy
INFO 2017-08-01 14:42:35,463 api {'status': 'RUNNING', 'exception': 'None', 'traceback': '', 'percentage': 0.2801926919864784, 'type': 'remoteimport', 'id': 'eee50ac9043b4e90b6da40edfe460268'}
INFO 2017-08-01 14:42:36,226 transfer in FileCopy.close  _____________
INFO 2017-08-01 14:42:36,233 transfer in Transfer.__exit__
INFO 2017-08-01 14:42:36,233 transfer In Transfer.__init__ with {'started': False, 'closed': False, 'finalized': False, 'dest': u'C:\\Users\\IEUser\\.kolibri\\content\\storage\\3\\a\\3a7ee5710c379e2a4bb888a1da57353f.mp4', 'completed': False, 'source': 'F:\\KOLIBRI_DATA\\content\\storage\\3\\a\\3a7ee5710c379e2a4bb888a1da57353f.mp4', 'timeout': 20, 'block_size': 2097152, 'dest_tmp': u'C:\\Users\\IEUser\\.kolibri\\content\\storage\\3\\a\\3a7ee5710c379e2a4bb888a1da57353f.mp4.transfer'}
INFO 2017-08-01 14:42:36,233 transfer in Transfer.__enter__
INFO 2017-08-01 14:42:36,234 transfer in FileCopy.start  _____________
INFO 2017-08-01 14:42:36,461 api in _job_to_response ########
INFO 2017-08-01 14:42:36,461 api job is truthy
INFO 2017-08-01 14:42:36,461 api {'status': 'RUNNING', 'exception': 'None', 'traceback': '', 'percentage': 0.4086404599334025, 'type': 'remoteimport', 'id': 'eee50ac9043b4e90b6da40edfe460268'}
INFO 2017-08-01 14:42:37,464 api in _job_to_response ########
INFO 2017-08-01 14:42:37,466 api job is truthy
INFO 2017-08-01 14:42:37,466 api {'status': 'RUNNING', 'exception': 'None', 'traceback': '', 'percentage': 0.5125112502320176, 'type': 'remoteimport', 'id': 'eee50ac9043b4e90b6da40edfe460268'}
INFO 2017-08-01 14:42:37,479 transfer in FileCopy.close  _____________
INFO 2017-08-01 14:42:37,486 transfer in Transfer.__exit__
INFO 2017-08-01 14:42:37,486 transfer In Transfer.__init__ with {'started': False, 'closed': False, 'finalized': False, 'dest': u'C:\\Users\\IEUser\\.kolibri\\content\\storage\\c\\4\\c48342389ac0302a7ef816b83a4c3998.mp3', 'completed': False, 'source': 'F:\\KOLIBRI_DATA\\content\\storage\\c\\4\\c48342389ac0302a7ef816b83a4c3998.mp3', 'timeout': 20, 'block_size': 2097152, 'dest_tmp': u'C:\\Users\\IEUser\\.kolibri\\content\\storage\\c\\4\\c48342389ac0302a7ef816b83a4c3998.mp3.transfer'}
INFO 2017-08-01 14:42:37,487 transfer in Transfer.__enter__
INFO 2017-08-01 14:42:37,487 transfer in FileCopy.start  _____________
INFO 2017-08-01 14:42:37,592 transfer in FileCopy.close  _____________
INFO 2017-08-01 14:42:37,596 transfer in Transfer.__exit__
INFO 2017-08-01 14:42:37,598 transfer In Transfer.__init__ with {'started': False, 'closed': False, 'finalized': False, 'dest': u'C:\\Users\\IEUser\\.kolibri\\content\\storage\\4\\5\\4570debb15acd6f4305ac45cabb2bad6.png', 'completed': False, 'source': 'F:\\KOLIBRI_DATA\\content\\storage\\4\\5\\4570debb15acd6f4305ac45cabb2bad6.png', 'timeout': 20, 'block_size': 2097152, 'dest_tmp': u'C:\\Users\\IEUser\\.kolibri\\content\\storage\\4\\5\\4570debb15acd6f4305ac45cabb2bad6.png.transfer'}
INFO 2017-08-01 14:42:37,599 transfer in Transfer.__enter__
INFO 2017-08-01 14:42:37,599 transfer in FileCopy.start  _____________
INFO 2017-08-01 14:42:37,619 transfer in FileCopy.close  _____________
INFO 2017-08-01 14:42:37,622 transfer in Transfer.__exit__
INFO 2017-08-01 14:42:37,624 transfer In Transfer.__init__ with {'started': False, 'closed': False, 'finalized': False, 'dest': u'C:\\Users\\IEUser\\.kolibri\\content\\storage\\b\\0\\b0dd3f53b17ac0e39a5e7c960e3665a4.jpg', 'completed': False, 'source': 'F:\\KOLIBRI_DATA\\content\\storage\\b\\0\\b0dd3f53b17ac0e39a5e7c960e3665a4.jpg', 'timeout': 20, 'block_size': 2097152, 'dest_tmp': u'C:\\Users\\IEUser\\.kolibri\\content\\storage\\b\\0\\b0dd3f53b17ac0e39a5e7c960e3665a4.jpg.transfer'}
INFO 2017-08-01 14:42:37,625 transfer in Transfer.__enter__
INFO 2017-08-01 14:42:37,625 transfer in FileCopy.start  _____________
INFO 2017-08-01 14:42:37,654 transfer in FileCopy.close  _____________
INFO 2017-08-01 14:42:37,661 transfer in Transfer.__exit__
INFO 2017-08-01 14:42:37,661 transfer In Transfer.__init__ with {'started': False, 'closed': False, 'finalized': False, 'dest': u'C:\\Users\\IEUser\\.kolibri\\content\\storage\\b\\e\\be6f36d201f1d1f7dc227a55ed140b09.perseus', 'completed': False, 'source': 'F:\\KOLIBRI_DATA\\content\\storage\\b\\e\\be6f36d201f1d1f7dc227a55ed140b09.perseus', 'timeout': 20, 'block_size': 2097152, 'dest_tmp': u'C:\\Users\\IEUser\\.kolibri\\content\\storage\\b\\e\\be6f36d201f1d1f7dc227a55ed140b09.perseus.transfer'}
INFO 2017-08-01 14:42:37,664 transfer in Transfer.__enter__
INFO 2017-08-01 14:42:37,664 transfer in FileCopy.start  _____________
INFO 2017-08-01 14:42:38,084 transfer in FileCopy.close  _____________
INFO 2017-08-01 14:42:38,089 transfer in Transfer.__exit__
INFO 2017-08-01 14:42:38,091 transfer In Transfer.__init__ with {'started': False, 'closed': False, 'finalized': False, 'dest': u'C:\\Users\\IEUser\\.kolibri\\content\\storage\\9\\6\\96d4f3bab26d9e9dd808f916d8991f82.jpg', 'completed': False, 'source': 'F:\\KOLIBRI_DATA\\content\\storage\\9\\6\\96d4f3bab26d9e9dd808f916d8991f82.jpg', 'timeout': 20, 'block_size': 2097152, 'dest_tmp': u'C:\\Users\\IEUser\\.kolibri\\content\\storage\\9\\6\\96d4f3bab26d9e9dd808f916d8991f82.jpg.transfer'}
INFO 2017-08-01 14:42:38,092 transfer in Transfer.__enter__
INFO 2017-08-01 14:42:38,092 transfer in FileCopy.start  _____________
INFO 2017-08-01 14:42:38,138 transfer in FileCopy.close  _____________
INFO 2017-08-01 14:42:38,145 transfer in Transfer.__exit__
INFO 2017-08-01 14:42:38,145 transfer In Transfer.__init__ with {'started': False, 'closed': False, 'finalized': False, 'dest': u'C:\\Users\\IEUser\\.kolibri\\content\\storage\\d\\7\\d783a2cae196691493065e73feeaec82.perseus', 'completed': False, 'source': 'F:\\KOLIBRI_DATA\\content\\storage\\d\\7\\d783a2cae196691493065e73feeaec82.perseus', 'timeout': 20, 'block_size': 2097152, 'dest_tmp': u'C:\\Users\\IEUser\\.kolibri\\content\\storage\\d\\7\\d783a2cae196691493065e73feeaec82.perseus.transfer'}
INFO 2017-08-01 14:42:38,148 transfer in Transfer.__enter__
INFO 2017-08-01 14:42:38,148 transfer in FileCopy.start  _____________
INFO 2017-08-01 14:42:38,178 transfer in FileCopy.close  _____________
INFO 2017-08-01 14:42:38,180 transfer in Transfer.__exit__
INFO 2017-08-01 14:42:38,181 transfer In Transfer.__init__ with {'started': False, 'closed': False, 'finalized': False, 'dest': u'C:\\Users\\IEUser\\.kolibri\\content\\storage\\d\\c\\dc33e5130077aa99d5b67723063f0ab9.zip', 'completed': False, 'source': 'F:\\KOLIBRI_DATA\\content\\storage\\d\\c\\dc33e5130077aa99d5b67723063f0ab9.zip', 'timeout': 20, 'block_size': 2097152, 'dest_tmp': u'C:\\Users\\IEUser\\.kolibri\\content\\storage\\d\\c\\dc33e5130077aa99d5b67723063f0ab9.zip.transfer'}
INFO 2017-08-01 14:42:38,183 transfer in Transfer.__enter__
INFO 2017-08-01 14:42:38,184 transfer in FileCopy.start  _____________
INFO 2017-08-01 14:42:38,204 transfer in FileCopy.close  _____________
INFO 2017-08-01 14:42:38,207 transfer in Transfer.__exit__
INFO 2017-08-01 14:42:38,207 transfer In Transfer.__init__ with {'started': False, 'closed': False, 'finalized': False, 'dest': u'C:\\Users\\IEUser\\.kolibri\\content\\storage\\1\\f\\1fd2d82e60815bd7d6cadc9779b261f0.jpg', 'completed': False, 'source': 'F:\\KOLIBRI_DATA\\content\\storage\\1\\f\\1fd2d82e60815bd7d6cadc9779b261f0.jpg', 'timeout': 20, 'block_size': 2097152, 'dest_tmp': u'C:\\Users\\IEUser\\.kolibri\\content\\storage\\1\\f\\1fd2d82e60815bd7d6cadc9779b261f0.jpg.transfer'}
INFO 2017-08-01 14:42:38,210 transfer in Transfer.__enter__
INFO 2017-08-01 14:42:38,210 transfer in FileCopy.start  _____________
INFO 2017-08-01 14:42:38,296 transfer in FileCopy.close  _____________
INFO 2017-08-01 14:42:38,301 transfer in Transfer.__exit__
INFO 2017-08-01 14:42:38,302 transfer In Transfer.__init__ with {'started': False, 'closed': False, 'finalized': False, 'dest': u'C:\\Users\\IEUser\\.kolibri\\content\\storage\\2\\9\\29987069c96377233c0b0b880b8e4a41.perseus', 'completed': False, 'source': 'F:\\KOLIBRI_DATA\\content\\storage\\2\\9\\29987069c96377233c0b0b880b8e4a41.perseus', 'timeout': 20, 'block_size': 2097152, 'dest_tmp': u'C:\\Users\\IEUser\\.kolibri\\content\\storage\\2\\9\\29987069c96377233c0b0b880b8e4a41.perseus.transfer'}
INFO 2017-08-01 14:42:38,305 transfer in Transfer.__enter__
INFO 2017-08-01 14:42:38,305 transfer in FileCopy.start  _____________
INFO 2017-08-01 14:42:38,335 transfer in FileCopy.close  _____________
INFO 2017-08-01 14:42:38,342 transfer in Transfer.__exit__
INFO 2017-08-01 14:42:38,342 transfer In Transfer.__init__ with {'started': False, 'closed': False, 'finalized': False, 'dest': u'C:\\Users\\IEUser\\.kolibri\\content\\storage\\6\\1\\61025280a2a23201186ca365e9734476.pdf', 'completed': False, 'source': 'F:\\KOLIBRI_DATA\\content\\storage\\6\\1\\61025280a2a23201186ca365e9734476.pdf', 'timeout': 20, 'block_size': 2097152, 'dest_tmp': u'C:\\Users\\IEUser\\.kolibri\\content\\storage\\6\\1\\61025280a2a23201186ca365e9734476.pdf.transfer'}
INFO 2017-08-01 14:42:38,345 transfer in Transfer.__enter__
INFO 2017-08-01 14:42:38,346 transfer in FileCopy.start  _____________
INFO 2017-08-01 14:42:38,444 transfer in FileCopy.close  _____________
INFO 2017-08-01 14:42:38,451 transfer in Transfer.__exit__
INFO 2017-08-01 14:42:38,453 transfer In Transfer.__init__ with {'started': False, 'closed': False, 'finalized': False, 'dest': u'C:\\Users\\IEUser\\.kolibri\\content\\storage\\f\\2\\f2912edc0aa959aef81093442ec715f0.jpg', 'completed': False, 'source': 'F:\\KOLIBRI_DATA\\content\\storage\\f\\2\\f2912edc0aa959aef81093442ec715f0.jpg', 'timeout': 20, 'block_size': 2097152, 'dest_tmp': u'C:\\Users\\IEUser\\.kolibri\\content\\storage\\f\\2\\f2912edc0aa959aef81093442ec715f0.jpg.transfer'}
INFO 2017-08-01 14:42:38,457 transfer in Transfer.__enter__
INFO 2017-08-01 14:42:38,459 transfer in FileCopy.start  _____________
INFO 2017-08-01 14:42:38,467 api in _job_to_response ########
INFO 2017-08-01 14:42:38,467 api job is truthy
INFO 2017-08-01 14:42:38,467 api {'status': 'RUNNING', 'exception': 'None', 'traceback': '', 'percentage': 0.962397237366551, 'type': 'remoteimport', 'id': 'eee50ac9043b4e90b6da40edfe460268'}
INFO 2017-08-01 14:42:38,499 transfer in FileCopy.close  _____________
INFO 2017-08-01 14:42:38,505 transfer in Transfer.__exit__
INFO 2017-08-01 14:42:38,505 transfer In Transfer.__init__ with {'started': False, 'closed': False, 'finalized': False, 'dest': u'C:\\Users\\IEUser\\.kolibri\\content\\storage\\4\\c\\4c11bff357b35bf30fa975fb246fdc45.pdf', 'completed': False, 'source': 'F:\\KOLIBRI_DATA\\content\\storage\\4\\c\\4c11bff357b35bf30fa975fb246fdc45.pdf', 'timeout': 20, 'block_size': 2097152, 'dest_tmp': u'C:\\Users\\IEUser\\.kolibri\\content\\storage\\4\\c\\4c11bff357b35bf30fa975fb246fdc45.pdf.transfer'}
INFO 2017-08-01 14:42:38,506 transfer in Transfer.__enter__
INFO 2017-08-01 14:42:38,506 transfer in FileCopy.start  _____________
INFO 2017-08-01 14:42:38,542 transfer in FileCopy.close  _____________
INFO 2017-08-01 14:42:38,549 transfer in Transfer.__exit__
INFO 2017-08-01 14:42:38,549 transfer In Transfer.__init__ with {'started': False, 'closed': False, 'finalized': False, 'dest': u'C:\\Users\\IEUser\\.kolibri\\content\\storage\\e\\4\\e49dad5070c0d24cba1f48efe75e21a2.jpg', 'completed': False, 'source': 'F:\\KOLIBRI_DATA\\content\\storage\\e\\4\\e49dad5070c0d24cba1f48efe75e21a2.jpg', 'timeout': 20, 'block_size': 2097152, 'dest_tmp': u'C:\\Users\\IEUser\\.kolibri\\content\\storage\\e\\4\\e49dad5070c0d24cba1f48efe75e21a2.jpg.transfer'}
INFO 2017-08-01 14:42:38,551 transfer in Transfer.__enter__
INFO 2017-08-01 14:42:38,551 transfer in FileCopy.start  _____________
INFO 2017-08-01 14:42:38,575 transfer in FileCopy.close  _____________
INFO 2017-08-01 14:42:38,578 transfer in Transfer.__exit__
INFO 2017-08-01 14:42:39,460 api in _job_to_response ########
INFO 2017-08-01 14:42:39,460 api job is truthy
INFO 2017-08-01 14:42:39,460 api {'status': 'COMPLETED', 'exception': 'None', 'traceback': '', 'percentage': 1.0, 'type': 'remoteimport', 'id': 'eee50ac9043b4e90b6da40edfe460268'}
INFO 2017-08-01 14:42:40,459 api in _job_to_response ########
INFO 2017-08-01 14:42:40,460 api job is truthy
INFO 2017-08-01 14:42:40,460 api {'status': 'COMPLETED', 'exception': 'None', 'traceback': '', 'percentage': 1.0, 'type': 'remoteimport', 'id': 'eee50ac9043b4e90b6da40edfe460268'}
INFO 2017-08-01 14:42:41,463 api in _job_to_response ########
INFO 2017-08-01 14:42:41,463 api job is truthy
INFO 2017-08-01 14:42:41,463 api {'status': 'COMPLETED', 'exception': 'None', 'traceback': '', 'percentage': 1.0, 'type': 'remoteimport', 'id': 'eee50ac9043b4e90b6da40edfe460268'}
INFO 2017-08-01 14:42:42,460 api in _job_to_response ########

...


INFO 2017-08-01 14:45:04,479 api in _job_to_response ########
INFO 2017-08-01 14:45:04,479 api job is truthy
INFO 2017-08-01 14:45:04,479 api {'status': 'COMPLETED', 'exception': 'None', 'traceback': '', 'percentage': 1.0, 'type': 'remoteimport', 'id': 'eee50ac9043b4e90b6da40edfe460268'}
INFO 2017-08-01 14:45:05,447 api in _job_to_response ########
INFO 2017-08-01 14:45:05,447 api job is truthy
INFO 2017-08-01 14:45:05,447 api {'status': 'COMPLETED', 'exception': 'None', 'traceback': '', 'percentage': 1.0, 'type': 'remoteimport', 'id': 'eee50ac9043b4e90b6da40edfe460268'}
INFO 2017-08-01 14:45:06,463 api in _job_to_response ########
INFO 2017-08-01 14:45:06,463 api job is truthy
INFO 2017-08-01 14:45:06,463 api {'status': 'COMPLETED', 'exception': 'None', 'traceback': '', 'percentage': 1.0, 'type': 'remoteimport', 'id': 'eee50ac9043b4e90b6da40edfe460268'}
INFO 2017-08-01 14:45:07,447 api in _job_to_response ########
INFO 2017-08-01 14:45:07,447 api job is truthy
INFO 2017-08-01 14:45:07,447 api {'status': 'COMPLETED', 'exception': 'None', 'traceback': '', 'percentage': 1.0, 'type': 'remoteimport', 'id': 'eee50ac9043b4e90b6da40edfe460268'}
