INFO 2017-08-01 16:57:38,802 cli Kolibri running for the first time.
INFO 2017-08-01 16:57:38,802 cli We don't yet use pre-migrated database seeds, so you're going to have to wait a bit while we create a blank database...


INFO 2017-08-01 16:57:41,996 cli Automatically enabling applications.
INFO 2017-08-01 16:57:41,996 cli Running update routines for new version...
INFO 2017-08-01 16:57:47,161 cli Running 'kolibri start' as daemon (system service)
INFO 2017-08-01 16:57:47,161 cli Going to daemon mode, logging to C:\Users\IEUser\.kolibri\server.log
INFO 2017-08-01 16:58:30,677 api In startlocalimport...
INFO 2017-08-01 16:58:30,687 api Scheduled task with job_id = 1a5150e7a1114dc698aecb1513c7d9f5
INFO 2017-08-01 16:58:30,690 api Job status:<Job id: 1a5150e7a1114dc698aecb1513c7d9f5 state: SCHEDULED progress: 0/0 func: kolibri.tasks.api._localimport>
INFO 2017-08-01 16:58:30,691 api in _job_to_response ########
INFO 2017-08-01 16:58:30,691 api job is truthy
INFO 2017-08-01 16:58:30,691 api {'status': 'SCHEDULED', 'exception': 'None', 'traceback': '', 'percentage': 0, 'type': 'remoteimport', 'id': '1a5150e7a1114dc698aecb1513c7d9f5'}
INFO 2017-08-01 16:58:30,857 api in _job_to_response ########
INFO 2017-08-01 16:58:30,857 api job is truthy
INFO 2017-08-01 16:58:30,857 api {'status': 'SCHEDULED', 'exception': 'None', 'traceback': '', 'percentage': 0, 'type': 'remoteimport', 'id': '1a5150e7a1114dc698aecb1513c7d9f5'}
INFO 2017-08-01 16:58:31,282 api in _localimport >>>>>>>>>>>>>>>>>>>>>>>>>>>>>>>>>>>>>>>>>> update_progress = <functools.partial object at 0x0000000007C17048>
INFO 2017-08-01 16:58:31,298 importchannel Copying in data for channel id 8ca4d9403d4d5d938b4aa498a24c8177
INFO 2017-08-01 16:58:31,298 importchannel in _transfer. method = copychannel_id = 8ca4d9403d4d5d938b4aa498a24c8177
INFO 2017-08-01 16:58:31,298 transfer In Transfer.__init__ with {'started': False, 'closed': False, 'finalized': False, 'dest': u'C:\\Users\\IEUser\\.kolibri\\content\\databases\\8ca4d9403d4d5d938b4aa498a24c8177.sqlite3', 'completed': False, 'source': 'F:\\KOLIBRI_DATA\\content\\databases\\8ca4d9403d4d5d938b4aa498a24c8177.sqlite3', 'timeout': 20, 'block_size': 2097152, 'dest_tmp': u'C:\\Users\\IEUser\\.kolibri\\content\\databases\\8ca4d9403d4d5d938b4aa498a24c8177.sqlite3.transfer'}
INFO 2017-08-01 16:58:31,299 transfer in Transfer.__enter__
INFO 2017-08-01 16:58:31,299 transfer in FileCopy.start  _____________
INFO 2017-08-01 16:58:31,299 importchannel in filetransfer context...
INFO 2017-08-01 16:58:31,301 importchannel processing chunk:::
INFO 2017-08-01 16:58:31,302 transfer in FileCopy.close  _____________
INFO 2017-08-01 16:58:31,306 transfer in Transfer.__exit__
INFO 2017-08-01 16:58:31,306 importchannel should have exited filetransfer context by now...
INFO 2017-08-01 16:58:31,336 importcontent in _transfer. method = copychannel_id = 8ca4d9403d4d5d938b4aa498a24c8177
INFO 2017-08-01 16:58:31,339 transfer In Transfer.__init__ with {'started': False, 'closed': False, 'finalized': False, 'dest': u'C:\\Users\\IEUser\\.kolibri\\content\\storage\\a\\2\\a2a7aed34e8a17e11f52790ebae1289d.png', 'completed': False, 'source': 'F:\\KOLIBRI_DATA\\content\\storage\\a\\2\\a2a7aed34e8a17e11f52790ebae1289d.png', 'timeout': 20, 'block_size': 2097152, 'dest_tmp': u'C:\\Users\\IEUser\\.kolibri\\content\\storage\\a\\2\\a2a7aed34e8a17e11f52790ebae1289d.png.transfer'}
INFO 2017-08-01 16:58:31,341 transfer in Transfer.__enter__
INFO 2017-08-01 16:58:31,341 transfer in FileCopy.start  _____________
INFO 2017-08-01 16:58:31,377 transfer in FileCopy.close  _____________
INFO 2017-08-01 16:58:31,378 transfer in Transfer.__exit__
INFO 2017-08-01 16:58:31,378 transfer In Transfer.__init__ with {'started': False, 'closed': False, 'finalized': False, 'dest': u'C:\\Users\\IEUser\\.kolibri\\content\\storage\\4\\c\\4c4ddad6951ed68ed8875f6f5991c2ee.mp4', 'completed': False, 'source': 'F:\\KOLIBRI_DATA\\content\\storage\\4\\c\\4c4ddad6951ed68ed8875f6f5991c2ee.mp4', 'timeout': 20, 'block_size': 2097152, 'dest_tmp': u'C:\\Users\\IEUser\\.kolibri\\content\\storage\\4\\c\\4c4ddad6951ed68ed8875f6f5991c2ee.mp4.transfer'}
INFO 2017-08-01 16:58:31,381 transfer in Transfer.__enter__
INFO 2017-08-01 16:58:31,381 transfer in FileCopy.start  _____________
INFO 2017-08-01 16:58:31,848 transfer in FileCopy.close  _____________
INFO 2017-08-01 16:58:31,852 transfer in Transfer.__exit__
INFO 2017-08-01 16:58:31,855 transfer In Transfer.__init__ with {'started': False, 'closed': False, 'finalized': False, 'dest': u'C:\\Users\\IEUser\\.kolibri\\content\\storage\\e\\1\\e1e9fefb1233b79a7a9bbb57566cda8e.mp4', 'completed': False, 'source': 'F:\\KOLIBRI_DATA\\content\\storage\\e\\1\\e1e9fefb1233b79a7a9bbb57566cda8e.mp4', 'timeout': 20, 'block_size': 2097152, 'dest_tmp': u'C:\\Users\\IEUser\\.kolibri\\content\\storage\\e\\1\\e1e9fefb1233b79a7a9bbb57566cda8e.mp4.transfer'}
INFO 2017-08-01 16:58:31,859 transfer in Transfer.__enter__
INFO 2017-08-01 16:58:31,861 transfer in FileCopy.start  _____________
INFO 2017-08-01 16:58:31,864 api in _job_to_response ########
INFO 2017-08-01 16:58:31,864 api job is truthy
INFO 2017-08-01 16:58:31,865 api {'status': 'RUNNING', 'exception': 'None', 'traceback': '', 'percentage': 0.000581157992441363, 'type': 'remoteimport', 'id': '1a5150e7a1114dc698aecb1513c7d9f5'}
INFO 2017-08-01 16:58:32,848 api in _job_to_response ########
INFO 2017-08-01 16:58:32,848 api job is truthy
INFO 2017-08-01 16:58:32,848 api {'status': 'RUNNING', 'exception': 'None', 'traceback': '', 'percentage': 0.15174492403955428, 'type': 'remoteimport', 'id': '1a5150e7a1114dc698aecb1513c7d9f5'}
INFO 2017-08-01 16:58:33,857 api in _job_to_response ########
INFO 2017-08-01 16:58:33,857 api job is truthy
INFO 2017-08-01 16:58:33,858 api {'status': 'RUNNING', 'exception': 'None', 'traceback': '', 'percentage': 0.3444165759599404, 'type': 'remoteimport', 'id': '1a5150e7a1114dc698aecb1513c7d9f5'}
INFO 2017-08-01 16:58:33,923 transfer in FileCopy.close  _____________
INFO 2017-08-01 16:58:33,927 transfer in Transfer.__exit__
INFO 2017-08-01 16:58:33,927 transfer In Transfer.__init__ with {'started': False, 'closed': False, 'finalized': False, 'dest': u'C:\\Users\\IEUser\\.kolibri\\content\\storage\\3\\a\\3a7ee5710c379e2a4bb888a1da57353f.mp4', 'completed': False, 'source': 'F:\\KOLIBRI_DATA\\content\\storage\\3\\a\\3a7ee5710c379e2a4bb888a1da57353f.mp4', 'timeout': 20, 'block_size': 2097152, 'dest_tmp': u'C:\\Users\\IEUser\\.kolibri\\content\\storage\\3\\a\\3a7ee5710c379e2a4bb888a1da57353f.mp4.transfer'}
INFO 2017-08-01 16:58:33,928 transfer in Transfer.__enter__
INFO 2017-08-01 16:58:33,928 transfer in FileCopy.start  _____________
INFO 2017-08-01 16:58:34,851 api in _job_to_response ########
INFO 2017-08-01 16:58:34,851 api job is truthy
INFO 2017-08-01 16:58:34,851 api {'status': 'RUNNING', 'exception': 'None', 'traceback': '', 'percentage': 0.5125112502320176, 'type': 'remoteimport', 'id': '1a5150e7a1114dc698aecb1513c7d9f5'}
INFO 2017-08-01 16:58:35,177 transfer in FileCopy.close  _____________
INFO 2017-08-01 16:58:35,183 transfer in Transfer.__exit__
INFO 2017-08-01 16:58:35,183 transfer In Transfer.__init__ with {'started': False, 'closed': False, 'finalized': False, 'dest': u'C:\\Users\\IEUser\\.kolibri\\content\\storage\\c\\4\\c48342389ac0302a7ef816b83a4c3998.mp3', 'completed': False, 'source': 'F:\\KOLIBRI_DATA\\content\\storage\\c\\4\\c48342389ac0302a7ef816b83a4c3998.mp3', 'timeout': 20, 'block_size': 2097152, 'dest_tmp': u'C:\\Users\\IEUser\\.kolibri\\content\\storage\\c\\4\\c48342389ac0302a7ef816b83a4c3998.mp3.transfer'}
INFO 2017-08-01 16:58:35,184 transfer in Transfer.__enter__
INFO 2017-08-01 16:58:35,184 transfer in FileCopy.start  _____________
INFO 2017-08-01 16:58:35,280 transfer in FileCopy.close  _____________
INFO 2017-08-01 16:58:35,286 transfer in Transfer.__exit__
INFO 2017-08-01 16:58:35,286 transfer In Transfer.__init__ with {'started': False, 'closed': False, 'finalized': False, 'dest': u'C:\\Users\\IEUser\\.kolibri\\content\\storage\\4\\5\\4570debb15acd6f4305ac45cabb2bad6.png', 'completed': False, 'source': 'F:\\KOLIBRI_DATA\\content\\storage\\4\\5\\4570debb15acd6f4305ac45cabb2bad6.png', 'timeout': 20, 'block_size': 2097152, 'dest_tmp': u'C:\\Users\\IEUser\\.kolibri\\content\\storage\\4\\5\\4570debb15acd6f4305ac45cabb2bad6.png.transfer'}
INFO 2017-08-01 16:58:35,289 transfer in Transfer.__enter__
INFO 2017-08-01 16:58:35,289 transfer in FileCopy.start  _____________
INFO 2017-08-01 16:58:35,308 transfer in FileCopy.close  _____________
INFO 2017-08-01 16:58:35,309 transfer in Transfer.__exit__
INFO 2017-08-01 16:58:35,311 transfer In Transfer.__init__ with {'started': False, 'closed': False, 'finalized': False, 'dest': u'C:\\Users\\IEUser\\.kolibri\\content\\storage\\b\\0\\b0dd3f53b17ac0e39a5e7c960e3665a4.jpg', 'completed': False, 'source': 'F:\\KOLIBRI_DATA\\content\\storage\\b\\0\\b0dd3f53b17ac0e39a5e7c960e3665a4.jpg', 'timeout': 20, 'block_size': 2097152, 'dest_tmp': u'C:\\Users\\IEUser\\.kolibri\\content\\storage\\b\\0\\b0dd3f53b17ac0e39a5e7c960e3665a4.jpg.transfer'}
INFO 2017-08-01 16:58:35,312 transfer in Transfer.__enter__
INFO 2017-08-01 16:58:35,312 transfer in FileCopy.start  _____________
INFO 2017-08-01 16:58:35,344 transfer in FileCopy.close  _____________
INFO 2017-08-01 16:58:35,348 transfer in Transfer.__exit__
INFO 2017-08-01 16:58:35,348 transfer In Transfer.__init__ with {'started': False, 'closed': False, 'finalized': False, 'dest': u'C:\\Users\\IEUser\\.kolibri\\content\\storage\\b\\e\\be6f36d201f1d1f7dc227a55ed140b09.perseus', 'completed': False, 'source': 'F:\\KOLIBRI_DATA\\content\\storage\\b\\e\\be6f36d201f1d1f7dc227a55ed140b09.perseus', 'timeout': 20, 'block_size': 2097152, 'dest_tmp': u'C:\\Users\\IEUser\\.kolibri\\content\\storage\\b\\e\\be6f36d201f1d1f7dc227a55ed140b09.perseus.transfer'}
INFO 2017-08-01 16:58:35,349 transfer in Transfer.__enter__
INFO 2017-08-01 16:58:35,349 transfer in FileCopy.start  _____________
INFO 2017-08-01 16:58:35,782 transfer in FileCopy.close  _____________
INFO 2017-08-01 16:58:35,789 transfer in Transfer.__exit__
INFO 2017-08-01 16:58:35,789 transfer In Transfer.__init__ with {'started': False, 'closed': False, 'finalized': False, 'dest': u'C:\\Users\\IEUser\\.kolibri\\content\\storage\\9\\6\\96d4f3bab26d9e9dd808f916d8991f82.jpg', 'completed': False, 'source': 'F:\\KOLIBRI_DATA\\content\\storage\\9\\6\\96d4f3bab26d9e9dd808f916d8991f82.jpg', 'timeout': 20, 'block_size': 2097152, 'dest_tmp': u'C:\\Users\\IEUser\\.kolibri\\content\\storage\\9\\6\\96d4f3bab26d9e9dd808f916d8991f82.jpg.transfer'}
INFO 2017-08-01 16:58:35,790 transfer in Transfer.__enter__
INFO 2017-08-01 16:58:35,790 transfer in FileCopy.start  _____________
INFO 2017-08-01 16:58:35,842 transfer in FileCopy.close  _____________
INFO 2017-08-01 16:58:35,848 transfer in Transfer.__exit__
INFO 2017-08-01 16:58:35,848 transfer In Transfer.__init__ with {'started': False, 'closed': False, 'finalized': False, 'dest': u'C:\\Users\\IEUser\\.kolibri\\content\\storage\\d\\7\\d783a2cae196691493065e73feeaec82.perseus', 'completed': False, 'source': 'F:\\KOLIBRI_DATA\\content\\storage\\d\\7\\d783a2cae196691493065e73feeaec82.perseus', 'timeout': 20, 'block_size': 2097152, 'dest_tmp': u'C:\\Users\\IEUser\\.kolibri\\content\\storage\\d\\7\\d783a2cae196691493065e73feeaec82.perseus.transfer'}
INFO 2017-08-01 16:58:35,851 transfer in Transfer.__enter__
INFO 2017-08-01 16:58:35,854 transfer in FileCopy.start  _____________
INFO 2017-08-01 16:58:35,858 api in _job_to_response ########
INFO 2017-08-01 16:58:35,858 api job is truthy
INFO 2017-08-01 16:58:35,859 api {'status': 'RUNNING', 'exception': 'None', 'traceback': '', 'percentage': 0.8717981148333527, 'type': 'remoteimport', 'id': '1a5150e7a1114dc698aecb1513c7d9f5'}
INFO 2017-08-01 16:58:35,885 transfer in FileCopy.close  _____________
INFO 2017-08-01 16:58:35,890 transfer in Transfer.__exit__
INFO 2017-08-01 16:58:35,890 transfer In Transfer.__init__ with {'started': False, 'closed': False, 'finalized': False, 'dest': u'C:\\Users\\IEUser\\.kolibri\\content\\storage\\d\\c\\dc33e5130077aa99d5b67723063f0ab9.zip', 'completed': False, 'source': 'F:\\KOLIBRI_DATA\\content\\storage\\d\\c\\dc33e5130077aa99d5b67723063f0ab9.zip', 'timeout': 20, 'block_size': 2097152, 'dest_tmp': u'C:\\Users\\IEUser\\.kolibri\\content\\storage\\d\\c\\dc33e5130077aa99d5b67723063f0ab9.zip.transfer'}
INFO 2017-08-01 16:58:35,891 transfer in Transfer.__enter__
INFO 2017-08-01 16:58:35,891 transfer in FileCopy.start  _____________
INFO 2017-08-01 16:58:35,914 transfer in FileCopy.close  _____________
INFO 2017-08-01 16:58:35,917 transfer in Transfer.__exit__
INFO 2017-08-01 16:58:35,917 transfer In Transfer.__init__ with {'started': False, 'closed': False, 'finalized': False, 'dest': u'C:\\Users\\IEUser\\.kolibri\\content\\storage\\1\\f\\1fd2d82e60815bd7d6cadc9779b261f0.jpg', 'completed': False, 'source': 'F:\\KOLIBRI_DATA\\content\\storage\\1\\f\\1fd2d82e60815bd7d6cadc9779b261f0.jpg', 'timeout': 20, 'block_size': 2097152, 'dest_tmp': u'C:\\Users\\IEUser\\.kolibri\\content\\storage\\1\\f\\1fd2d82e60815bd7d6cadc9779b261f0.jpg.transfer'}
INFO 2017-08-01 16:58:35,918 transfer in Transfer.__enter__
INFO 2017-08-01 16:58:35,918 transfer in FileCopy.start  _____________
INFO 2017-08-01 16:58:36,006 transfer in FileCopy.close  _____________
INFO 2017-08-01 16:58:36,012 transfer in Transfer.__exit__
INFO 2017-08-01 16:58:36,012 transfer In Transfer.__init__ with {'started': False, 'closed': False, 'finalized': False, 'dest': u'C:\\Users\\IEUser\\.kolibri\\content\\storage\\2\\9\\29987069c96377233c0b0b880b8e4a41.perseus', 'completed': False, 'source': 'F:\\KOLIBRI_DATA\\content\\storage\\2\\9\\29987069c96377233c0b0b880b8e4a41.perseus', 'timeout': 20, 'block_size': 2097152, 'dest_tmp': u'C:\\Users\\IEUser\\.kolibri\\content\\storage\\2\\9\\29987069c96377233c0b0b880b8e4a41.perseus.transfer'}
INFO 2017-08-01 16:58:36,013 transfer in Transfer.__enter__
INFO 2017-08-01 16:58:36,013 transfer in FileCopy.start  _____________
INFO 2017-08-01 16:58:36,045 transfer in FileCopy.close  _____________
INFO 2017-08-01 16:58:36,051 transfer in Transfer.__exit__
INFO 2017-08-01 16:58:36,051 transfer In Transfer.__init__ with {'started': False, 'closed': False, 'finalized': False, 'dest': u'C:\\Users\\IEUser\\.kolibri\\content\\storage\\6\\1\\61025280a2a23201186ca365e9734476.pdf', 'completed': False, 'source': 'F:\\KOLIBRI_DATA\\content\\storage\\6\\1\\61025280a2a23201186ca365e9734476.pdf', 'timeout': 20, 'block_size': 2097152, 'dest_tmp': u'C:\\Users\\IEUser\\.kolibri\\content\\storage\\6\\1\\61025280a2a23201186ca365e9734476.pdf.transfer'}
INFO 2017-08-01 16:58:36,052 transfer in Transfer.__enter__
INFO 2017-08-01 16:58:36,052 transfer in FileCopy.start  _____________
INFO 2017-08-01 16:58:36,155 transfer in FileCopy.close  _____________
INFO 2017-08-01 16:58:36,163 transfer in Transfer.__exit__
INFO 2017-08-01 16:58:36,163 transfer In Transfer.__init__ with {'started': False, 'closed': False, 'finalized': False, 'dest': u'C:\\Users\\IEUser\\.kolibri\\content\\storage\\f\\2\\f2912edc0aa959aef81093442ec715f0.jpg', 'completed': False, 'source': 'F:\\KOLIBRI_DATA\\content\\storage\\f\\2\\f2912edc0aa959aef81093442ec715f0.jpg', 'timeout': 20, 'block_size': 2097152, 'dest_tmp': u'C:\\Users\\IEUser\\.kolibri\\content\\storage\\f\\2\\f2912edc0aa959aef81093442ec715f0.jpg.transfer'}
INFO 2017-08-01 16:58:36,164 transfer in Transfer.__enter__
INFO 2017-08-01 16:58:36,164 transfer in FileCopy.start  _____________
INFO 2017-08-01 16:58:36,203 transfer in FileCopy.close  _____________
INFO 2017-08-01 16:58:36,210 transfer in Transfer.__exit__
INFO 2017-08-01 16:58:36,210 transfer In Transfer.__init__ with {'started': False, 'closed': False, 'finalized': False, 'dest': u'C:\\Users\\IEUser\\.kolibri\\content\\storage\\4\\c\\4c11bff357b35bf30fa975fb246fdc45.pdf', 'completed': False, 'source': 'F:\\KOLIBRI_DATA\\content\\storage\\4\\c\\4c11bff357b35bf30fa975fb246fdc45.pdf', 'timeout': 20, 'block_size': 2097152, 'dest_tmp': u'C:\\Users\\IEUser\\.kolibri\\content\\storage\\4\\c\\4c11bff357b35bf30fa975fb246fdc45.pdf.transfer'}
INFO 2017-08-01 16:58:36,210 transfer in Transfer.__enter__
INFO 2017-08-01 16:58:36,211 transfer in FileCopy.start  _____________
INFO 2017-08-01 16:58:36,246 transfer in FileCopy.close  _____________
INFO 2017-08-01 16:58:36,253 transfer in Transfer.__exit__
INFO 2017-08-01 16:58:36,253 transfer In Transfer.__init__ with {'started': False, 'closed': False, 'finalized': False, 'dest': u'C:\\Users\\IEUser\\.kolibri\\content\\storage\\e\\4\\e49dad5070c0d24cba1f48efe75e21a2.jpg', 'completed': False, 'source': 'F:\\KOLIBRI_DATA\\content\\storage\\e\\4\\e49dad5070c0d24cba1f48efe75e21a2.jpg', 'timeout': 20, 'block_size': 2097152, 'dest_tmp': u'C:\\Users\\IEUser\\.kolibri\\content\\storage\\e\\4\\e49dad5070c0d24cba1f48efe75e21a2.jpg.transfer'}
INFO 2017-08-01 16:58:36,253 transfer in Transfer.__enter__
INFO 2017-08-01 16:58:36,253 transfer in FileCopy.start  _____________
INFO 2017-08-01 16:58:36,282 transfer in FileCopy.close  _____________
INFO 2017-08-01 16:58:36,292 transfer in Transfer.__exit__
INFO 2017-08-01 16:58:36,849 api in _job_to_response ########
INFO 2017-08-01 16:58:36,851 api job is truthy
INFO 2017-08-01 16:58:36,851 api {'status': 'RUNNING', 'exception': 'None', 'traceback': '', 'percentage': 0.9998841481432573, 'type': 'remoteimport', 'id': '1a5150e7a1114dc698aecb1513c7d9f5'}
INFO 2017-08-01 16:58:37,851 api in _job_to_response ########
INFO 2017-08-01 16:58:37,851 api job is truthy
INFO 2017-08-01 16:58:37,851 api {'status': 'COMPLETED', 'exception': 'None', 'traceback': '', 'percentage': 1.0, 'type': 'remoteimport', 'id': '1a5150e7a1114dc698aecb1513c7d9f5'}
INFO 2017-08-01 16:58:38,849 api in _job_to_response ########
INFO 2017-08-01 16:58:38,851 api job is truthy
INFO 2017-08-01 16:58:38,851 api {'status': 'COMPLETED', 'exception': 'None', 'traceback': '', 'percentage': 1.0, 'type': 'remoteimport', 'id': '1a5150e7a1114dc698aecb1513c7d9f5'}
