INFO:cherrypy.access.75393512:127.0.0.1 - - [01/Aug/2017:16:58:08] "GET /static/default_frontend/default_frontend0.6.dev020170801234310-git.css HTTP/1.1" 200 710933 "http://127.0.0.1:8080/setup_wizard/" "Mozilla/5.0 (Windows NT 10.0; WOW64; rv:54.0) Gecko/20100101 Firefox/54.0"
INFO:cherrypy.access.75393512:127.0.0.1 - - [01/Aug/2017:16:58:08] "GET /static/default_frontend/default_frontend-0.6.dev020170801234310-git.js HTTP/1.1" 200 497733 "http://127.0.0.1:8080/setup_wizard/" "Mozilla/5.0 (Windows NT 10.0; WOW64; rv:54.0) Gecko/20100101 Firefox/54.0"
INFO:cherrypy.access.75393512:127.0.0.1 - - [01/Aug/2017:16:58:08] "GET /static/setup_wizard/setup_wizard-0.6.dev020170801234310-git.js HTTP/1.1" 200 18976 "http://127.0.0.1:8080/setup_wizard/" "Mozilla/5.0 (Windows NT 10.0; WOW64; rv:54.0) Gecko/20100101 Firefox/54.0"
INFO:cherrypy.access.75393512:127.0.0.1 - - [01/Aug/2017:16:58:08] "GET /static/setup_wizard/setup_wizard0.6.dev020170801234310-git.css HTTP/1.1" 200 6656 "http://127.0.0.1:8080/setup_wizard/" "Mozilla/5.0 (Windows NT 10.0; WOW64; rv:54.0) Gecko/20100101 Firefox/54.0"
INFO:cherrypy.access.75393512:127.0.0.1 - - [01/Aug/2017:16:58:08] "GET /static/setup_wizard/logo-min.png?eb2802030a74ce18b835e13478e6c62e HTTP/1.1" 200 13424 "http://127.0.0.1:8080/setup_wizard/" "Mozilla/5.0 (Windows NT 10.0; WOW64; rv:54.0) Gecko/20100101 Firefox/54.0"
Installed 2 object(s) from 1 fixture(s)
DEBUG:rsa.key:find_p_q(1024): Finding p
DEBUG:rsa.key:find_p_q(1024): Finding q
INFO:cherrypy.access.75393512:127.0.0.1 - - [01/Aug/2017:16:58:23] "GET /static/default_frontend/default_frontend0.6.dev020170801234310-git.css HTTP/1.1" 304 - "http://127.0.0.1:8080/management/" "Mozilla/5.0 (Windows NT 10.0; WOW64; rv:54.0) Gecko/20100101 Firefox/54.0"
INFO:cherrypy.access.75393512:127.0.0.1 - - [01/Aug/2017:16:58:23] "GET /static/default_frontend/default_frontend-0.6.dev020170801234310-git.js HTTP/1.1" 304 - "http://127.0.0.1:8080/management/" "Mozilla/5.0 (Windows NT 10.0; WOW64; rv:54.0) Gecko/20100101 Firefox/54.0"
INFO:cherrypy.access.75393512:127.0.0.1 - - [01/Aug/2017:16:58:23] "GET /static/management_module/management_module-0.6.dev020170801234310-git.js HTTP/1.1" 200 203084 "http://127.0.0.1:8080/management/" "Mozilla/5.0 (Windows NT 10.0; WOW64; rv:54.0) Gecko/20100101 Firefox/54.0"
INFO:cherrypy.access.75393512:127.0.0.1 - - [01/Aug/2017:16:58:23] "GET /static/management_module/management_module0.6.dev020170801234310-git.css HTTP/1.1" 200 49488 "http://127.0.0.1:8080/management/" "Mozilla/5.0 (Windows NT 10.0; WOW64; rv:54.0) Gecko/20100101 Firefox/54.0"
INFO:cherrypy.access.75393512:127.0.0.1 - - [01/Aug/2017:16:58:23] "GET /static/default_frontend/MaterialIcons-Regular.woff2?570eb83859dc23dd0eec423a49e147fe HTTP/1.1" 200 44300 "http://127.0.0.1:8080/static/default_frontend/default_frontend0.6.dev020170801234310-git.css" "Mozilla/5.0 (Windows NT 10.0; WOW64; rv:54.0) Gecko/20100101 Firefox/54.0"
INFO:barbequeue.common.utils.MESSAGEPROCESSOR[lemon-burger-november-washington]:Started new MESSAGEPROCESSOR thread ID#lemon-burger-november-washington
INFO:barbequeue.common.utils.SCHEDULER[robert-mockingbird-oven-tango]:Started new SCHEDULER thread ID#robert-mockingbird-oven-tango
INFO:barbequeue.common.utils.WORKERMESSAGEHANDLER[golf-zebra-hot-grey]:Started new WORKERMESSAGEHANDLER thread ID#golf-zebra-hot-grey
DEBUG:root:No job to schedule right now.
DEBUG:barbequeue.worker.backends.base:Worker message queue currently empty.
DEBUG:root:No job to schedule right now.
DEBUG:barbequeue.worker.backends.base:Worker message queue currently empty.
DEBUG:root:No job to schedule right now.
DEBUG:barbequeue.worker.backends.base:Worker message queue currently empty.
DEBUG:root:No job to schedule right now.
DEBUG:root:No job to schedule right now.
DEBUG:barbequeue.worker.backends.base:Worker message queue currently empty.
DEBUG:root:No job to schedule right now.
DEBUG:barbequeue.worker.backends.base:Worker message queue currently empty.
DEBUG:root:No job to schedule right now.
DEBUG:barbequeue.worker.backends.base:Worker message queue currently empty.
DEBUG:root:No job to schedule right now.
DEBUG:barbequeue.worker.backends.base:Worker message queue currently empty.
DEBUG:root:No job to schedule right now.
DEBUG:root:No job to schedule right now.
DEBUG:barbequeue.worker.backends.base:Worker message queue currently empty.








INFO:kolibri.tasks.api:In startlocalimport...
INFO:kolibri.tasks.api:Scheduled task with job_id = 1a5150e7a1114dc698aecb1513c7d9f5
INFO:kolibri.tasks.api:Job status:<Job id: 1a5150e7a1114dc698aecb1513c7d9f5 state: SCHEDULED progress: 0/0 func: kolibri.tasks.api._localimport>
INFO:kolibri.tasks.api:in _job_to_response ########
INFO:kolibri.tasks.api:job is truthy
INFO:kolibri.tasks.api:{'status': 'SCHEDULED', 'exception': 'None', 'traceback': '', 'percentage': 0, 'type': 'remoteimport', 'id': '1a5150e7a1114dc698aecb1513c7d9f5'}
INFO:kolibri.tasks.api:in _job_to_response ########
INFO:kolibri.tasks.api:job is truthy
INFO:kolibri.tasks.api:{'status': 'SCHEDULED', 'exception': 'None', 'traceback': '', 'percentage': 0, 'type': 'remoteimport', 'id': '1a5150e7a1114dc698aecb1513c7d9f5'}
DEBUG:barbequeue.messaging.backends.inmem:SEND MAILBOX: c53e76d82f554b9d841c679bd233af15 MSG: _Message(type='START_JOB', message={'job': <Job id: 1a5150e7a1114dc698aecb1513c7d9f5 state: SCHEDULED progress: 0/0 func: kolibri.tasks.api._localimport>})



DEBUG:barbequeue.messaging.backends.inmem:POP MAILBOX: c53e76d82f554b9d841c679bd233af15 MSG: _Message(type='START_JOB', message={'job': <Job id: 1a5150e7a1114dc698aecb1513c7d9f5 state: SCHEDULED progress: 0/0 func: kolibri.tasks.api._localimport>})
INFO:kolibri.tasks.api:in _localimport >>>>>>>>>>>>>>>>>>>>>>>>>>>>>>>>>>>>>>>>>> update_progress = <functools.partial object at 0x0000000007C17048>
INFO:kolibri.content.management.commands.importchannel:Copying in data for channel id 8ca4d9403d4d5d938b4aa498a24c8177
INFO:kolibri.content.management.commands.importchannel:in _transfer. method = copychannel_id = 8ca4d9403d4d5d938b4aa498a24c8177
INFO:kolibri.content.utils.transfer:In Transfer.__init__ with {
  'started': False, 'closed': False, 'finalized': False,
  'dest': u'C:\\Users\\IEUser\\.kolibri\\content\\databases\\8ca4d9403d4d5d938b4aa498a24c8177.sqlite3',
  'completed': False, 'source': 'F:\\KOLIBRI_DATA\\content\\databases\\8ca4d9403d4d5d938b4aa498a24c8177.sqlite3',
  'timeout': 20, 'block_size': 2097152, 'dest_tmp': u'C:\\Users\\IEUser\\.kolibri\\content\\databases\\8ca4d9403d4d5d938b4aa498a24c8177.sqlite3.transfer'}
DEBUG:root:Not creating directory 'C:\Users\IEUser\.kolibri\content\databases' as it already exists.
INFO:kolibri.content.utils.transfer:in Transfer.__enter__
INFO:kolibri.content.utils.transfer:in FileCopy.start  _____________


INFO:kolibri.content.management.commands.importchannel:in filetransfer context...  
INFO:kolibri.content.management.commands.importchannel:processing chunk:::
DEBUG:barbequeue.messaging.backends.inmem:SEND MAILBOX: c1d8fdef21e3435198c5cd9de939a53e MSG: _Message(type='JOB_UPDATED', message={'progress': 1.0, 'job_id': '1a5150e7a1114dc698aecb1513c7d9f5', 'total_progress': 1.0, 'stage': ''})


THE ABOVE LINE SEEMS WRONG
WE SHOULDN'T BE EXITING THE transfer context manager yet....
Note messages for jon_id 1a5150e7a1114dc698aecb1513c7d9f5 continue below



INFO:kolibri.content.utils.transfer:in FileCopy.close  _____________
INFO:kolibri.content.utils.transfer:in Transfer.__exit__
INFO:kolibri.content.management.commands.importchannel:should have exited filetransfer context by now...






INFO:kolibri.content.management.commands.importcontent:in _transfer. method = copychannel_id = 8ca4d9403d4d5d938b4aa498a24c8177  
INFO:kolibri.content.utils.transfer:In Transfer.__init__ with {'started': False, 'closed': False, 'finalized': False, 'dest': u'C:\\Users\\IEUser\\.kolibri\\content\\storage\\a\\2\\a2a7aed34e8a17e11f52790ebae1289d.png', 'completed': False, 'source': 'F:\\KOLIBRI_DATA\\content\\storage\\a\\2\\a2a7aed34e8a17e11f52790ebae1289d.png', 'timeout': 20, 'block_size': 2097152, 'dest_tmp': u'C:\\Users\\IEUser\\.kolibri\\content\\storage\\a\\2\\a2a7aed34e8a17e11f52790ebae1289d.png.transfer'}
INFO:kolibri.content.utils.transfer:in Transfer.__enter__

INFO:kolibri.content.utils.transfer:in FileCopy.start  _____________


DEBUG:barbequeue.messaging.backends.inmem:SEND MAILBOX: c1d8fdef21e3435198c5cd9de939a53e MSG: _Message(type='JOB_UPDATED', message={'progress': 0.000581157992441363, 'job_id': '1a5150e7a1114dc698aecb1513c7d9f5', 'total_progress': 1.0, 'stage': ''})
DEBUG:barbequeue.messaging.backends.inmem:SEND MAILBOX: c1d8fdef21e3435198c5cd9de939a53e MSG: _Message(type='JOB_UPDATED', message={'progress': 0.000581157992441363, 'job_id': '1a5150e7a1114dc698aecb1513c7d9f5', 'total_progress': 1.0, 'stage': ''})

INFO:kolibri.content.utils.transfer:in FileCopy.close  _____________



INFO:kolibri.content.utils.transfer:in Transfer.__exit__

INFO:kolibri.content.utils.transfer:In Transfer.__init__ with {'started': False, 'closed': False, 'finalized': False, 'dest': u'C:\\Users\\IEUser\\.kolibri\\content\\storage\\4\\c\\4c4ddad6951ed68ed8875f6f5991c2ee.mp4', 'completed': False, 'source': 'F:\\KOLIBRI_DATA\\content\\storage\\4\\c\\4c4ddad6951ed68ed8875f6f5991c2ee.mp4', 'timeout': 20, 'block_size': 2097152, 'dest_tmp': u'C:\\Users\\IEUser\\.kolibri\\content\\storage\\4\\c\\4c4ddad6951ed68ed8875f6f5991c2ee.mp4.transfer'}

INFO:kolibri.content.utils.transfer:in Transfer.__enter__

INFO:kolibri.content.utils.transfer:in FileCopy.start  _____________



  DEBUG:barbequeue.messaging.backends.inmem:SEND MAILBOX: c1d8fdef21e3435198c5cd9de939a53e MSG: _Message(type='JOB_UPDATED', message={'progress': 0.06480504196590342, 'job_id': '1a5150e7a1114dc698aecb1513c7d9f5', 'total_progress': 1.0, 'stage': ''})


 DEBUG:barbequeue.messaging.backends.inmem:SEND MAILBOX: c1d8fdef21e3435198c5cd9de939a53e MSG: _Message(type='JOB_UPDATED', message={'progress': 0.06480504196590342, 'job_id': '1a5150e7a1114dc698aecb1513c7d9f5', 'total_progress': 1.0, 'stage': ''})
DEBUG:root:No job to schedule right now.  DEBUG:barbequeue.messaging.backends.inmem:SEND MAILBOX: c1d8fdef21e3435198c5cd9de939a53e MSG: _Message(type='JOB_UPDATED', message={'progress': 0.08752104006609221, 'job_id': '1a5150e7a1114dc698aecb1513c7d9f5', 'total_progress': 1.0, 'stage': ''})


DEBUG:barbequeue.messaging.backends.inmem:SEND MAILBOX: c1d8fdef21e3435198c5cd9de939a53e MSG: _Message(type='JOB_UPDATED', message={'progress': 0.08752104006609221, 'job_id': '1a5150e7a1114dc698aecb1513c7d9f5', 'total_progress': 1.0, 'stage': ''})

INFO:kolibri.content.utils.transfer:in FileCopy.close  _____________


INFO:kolibri.content.utils.transfer:in Transfer.__exit__

INFO:kolibri.content.utils.transfer:In Transfer.__init__ with {'started': False, 'closed': False, 'finalized': False, 'dest': u'C:\\Users\\IEUser\\.kolibri\\content\\storage\\e\\1\\e1e9fefb1233b79a7a9bbb57566cda8e.mp4', 'completed': False, 'source': 'F:\\KOLIBRI_DATA\\content\\storage\\e\\1\\e1e9fefb1233b79a7a9bbb57566cda8e.mp4', 'timeout': 20, 'block_size': 2097152, 'dest_tmp': u'C:\\Users\\IEUser\\.kolibri\\content\\storage\\e\\1\\e1e9fefb1233b79a7a9bbb57566cda8e.mp4.transfer'}

INFO:kolibri.content.utils.transfer:in Transfer.__enter__

INFO:kolibri.content.utils.transfer:in FileCopy.start  _____________

INFO:kolibri.tasks.api:in _job_to_response ########

INFO:kolibri.tasks.api:job is truthy

INFO:kolibri.tasks.api:{'status': 'RUNNING', 'exception': 'None', 'traceback': '', 'percentage': 0.000581157992441363, 'type': 'remoteimport', 'id': '1a5150e7a1114dc698aecb1513c7d9f5'}


  DEBUG:barbequeue.worker.backends.base:Worker message queue currently empty. DEBUG:barbequeue.messaging.backends.inmem:SEND MAILBOX: c1d8fdef21e3435198c5cd9de939a53e MSG: _Message(type='JOB_UPDATED', message={'progress': 0.15174492403955428, 'job_id': '1a5150e7a1114dc698aecb1513c7d9f5', 'total_progress': 1.0, 'stage': ''})


 DEBUG:barbequeue.messaging.backends.inmem:SEND MAILBOX: c1d8fdef21e3435198c5cd9de939a53e MSG: _Message(type='JOB_UPDATED', message={'progress': 0.15174492403955428, 'job_id': '1a5150e7a1114dc698aecb1513c7d9f5', 'total_progress': 1.0, 'stage': ''})
DEBUG:root:No job to schedule right now. DEBUG:barbequeue.messaging.backends.inmem:SEND MAILBOX: c1d8fdef21e3435198c5cd9de939a53e MSG: _Message(type='JOB_UPDATED', message={'progress': 0.21596880801301632, 'job_id': '1a5150e7a1114dc698aecb1513c7d9f5', 'total_progress': 1.0, 'stage': ''})


 DEBUG:barbequeue.messaging.backends.inmem:SEND MAILBOX: c1d8fdef21e3435198c5cd9de939a53e MSG: _Message(type='JOB_UPDATED', message={'progress': 0.21596880801301632, 'job_id': '1a5150e7a1114dc698aecb1513c7d9f5', 'total_progress': 1.0, 'stage': ''}) DEBUG:barbequeue.messaging.backends.inmem:SEND MAILBOX: c1d8fdef21e3435198c5cd9de939a53e MSG: _Message(type='JOB_UPDATED', message={'progress': 0.2801926919864784, 'job_id': '1a5150e7a1114dc698aecb1513c7d9f5', 'total_progress': 1.0, 'stage': ''})


 DEBUG:barbequeue.messaging.backends.inmem:SEND MAILBOX: c1d8fdef21e3435198c5cd9de939a53e MSG: _Message(type='JOB_UPDATED', message={'progress': 0.2801926919864784, 'job_id': '1a5150e7a1114dc698aecb1513c7d9f5', 'total_progress': 1.0, 'stage': ''})

INFO:kolibri.tasks.api:in _job_to_response ########

INFO:kolibri.tasks.api:job is truthy

INFO:kolibri.tasks.api:{'status': 'RUNNING', 'exception': 'None', 'traceback': '', 'percentage': 0.15174492403955428, 'type': 'remoteimport', 'id': '1a5150e7a1114dc698aecb1513c7d9f5'}
DEBUG:barbequeue.worker.backends.base:Worker message queue currently empty. DEBUG:barbequeue.messaging.backends.inmem:SEND MAILBOX: c1d8fdef21e3435198c5cd9de939a53e MSG: _Message(type='JOB_UPDATED', message={'progress': 0.3444165759599404, 'job_id': '1a5150e7a1114dc698aecb1513c7d9f5', 'total_progress': 1.0, 'stage': ''})


 DEBUG:barbequeue.messaging.backends.inmem:SEND MAILBOX: c1d8fdef21e3435198c5cd9de939a53e MSG: _Message(type='JOB_UPDATED', message={'progress': 0.3444165759599404, 'job_id': '1a5150e7a1114dc698aecb1513c7d9f5', 'total_progress': 1.0, 'stage': ''})
DEBUG:root:No job to schedule right now. DEBUG:barbequeue.messaging.backends.inmem:SEND MAILBOX: c1d8fdef21e3435198c5cd9de939a53e MSG: _Message(type='JOB_UPDATED', message={'progress': 0.4086404599334025, 'job_id': '1a5150e7a1114dc698aecb1513c7d9f5', 'total_progress': 1.0, 'stage': ''})


 DEBUG:barbequeue.messaging.backends.inmem:SEND MAILBOX: c1d8fdef21e3435198c5cd9de939a53e MSG: _Message(type='JOB_UPDATED', message={'progress': 0.4086404599334025, 'job_id': '1a5150e7a1114dc698aecb1513c7d9f5', 'total_progress': 1.0, 'stage': ''}) DEBUG:barbequeue.messaging.backends.inmem:SEND MAILBOX: c1d8fdef21e3435198c5cd9de939a53e MSG: _Message(type='JOB_UPDATED', message={'progress': 0.47286434390686455, 'job_id': '1a5150e7a1114dc698aecb1513c7d9f5', 'total_progress': 1.0, 'stage': ''})


 DEBUG:barbequeue.messaging.backends.inmem:SEND MAILBOX: c1d8fdef21e3435198c5cd9de939a53e MSG: _Message(type='JOB_UPDATED', message={'progress': 0.47286434390686455, 'job_id': '1a5150e7a1114dc698aecb1513c7d9f5', 'total_progress': 1.0, 'stage': ''})

INFO:kolibri.tasks.api:in _job_to_response ########

INFO:kolibri.tasks.api:job is truthy

INFO:kolibri.tasks.api:{'status': 'RUNNING', 'exception': 'None', 'traceback': '', 'percentage': 0.3444165759599404, 'type': 'remoteimport', 'id': '1a5150e7a1114dc698aecb1513c7d9f5'}
DEBUG:root:No job to schedule right now.
DEBUG:barbequeue.worker.backends.base:Worker message queue currently empty. DEBUG:barbequeue.messaging.backends.inmem:SEND MAILBOX: c1d8fdef21e3435198c5cd9de939a53e MSG: _Message(type='JOB_UPDATED', message={'progress': 0.5125112502320176, 'job_id': '1a5150e7a1114dc698aecb1513c7d9f5', 'total_progress': 1.0, 'stage': ''})


DEBUG:barbequeue.messaging.backends.inmem:SEND MAILBOX: c1d8fdef21e3435198c5cd9de939a53e MSG: _Message(type='JOB_UPDATED', message={'progress': 0.5125112502320176, 'job_id': '1a5150e7a1114dc698aecb1513c7d9f5', 'total_progress': 1.0, 'stage': ''})

INFO:kolibri.content.utils.transfer:in FileCopy.close  _____________


INFO:kolibri.content.utils.transfer:in Transfer.__exit__

INFO:kolibri.content.utils.transfer:In Transfer.__init__ with {'started': False, 'closed': False, 'finalized': False, 'dest': u'C:\\Users\\IEUser\\.kolibri\\content\\storage\\3\\a\\3a7ee5710c379e2a4bb888a1da57353f.mp4', 'completed': False, 'source': 'F:\\KOLIBRI_DATA\\content\\storage\\3\\a\\3a7ee5710c379e2a4bb888a1da57353f.mp4', 'timeout': 20, 'block_size': 2097152, 'dest_tmp': u'C:\\Users\\IEUser\\.kolibri\\content\\storage\\3\\a\\3a7ee5710c379e2a4bb888a1da57353f.mp4.transfer'}

INFO:kolibri.content.utils.transfer:in Transfer.__enter__

INFO:kolibri.content.utils.transfer:in FileCopy.start  _____________
DEBUG:root:No job to schedule right now.
DEBUG:barbequeue.worker.backends.base:Worker message queue currently empty.

INFO:kolibri.tasks.api:in _job_to_response ########

INFO:kolibri.tasks.api:job is truthy

INFO:kolibri.tasks.api:{'status': 'RUNNING', 'exception': 'None', 'traceback': '', 'percentage': 0.5125112502320176, 'type': 'remoteimport', 'id': '1a5150e7a1114dc698aecb1513c7d9f5'}



 DEBUG:barbequeue.messaging.backends.inmem:SEND MAILBOX: c1d8fdef21e3435198c5cd9de939a53e MSG: _Message(type='JOB_UPDATED', message={'progress': 0.5767351342054796, 'job_id': '1a5150e7a1114dc698aecb1513c7d9f5', 'total_progress': 1.0, 'stage': ''})
DEBUG:barbequeue.messaging.backends.inmem:SEND MAILBOX: c1d8fdef21e3435198c5cd9de939a53e MSG: _Message(type='JOB_UPDATED', message={'progress': 0.5767351342054796, 'job_id': '1a5150e7a1114dc698aecb1513c7d9f5', 'total_progress': 1.0, 'stage': ''})
DEBUG:barbequeue.messaging.backends.inmem:SEND MAILBOX: c1d8fdef21e3435198c5cd9de939a53e MSG: _Message(type='JOB_UPDATED', message={'progress': 0.6409590181789417, 'job_id': '1a5150e7a1114dc698aecb1513c7d9f5', 'total_progress': 1.0, 'stage': ''})
DEBUG:barbequeue.messaging.backends.inmem:SEND MAILBOX: c1d8fdef21e3435198c5cd9de939a53e MSG: _Message(type='JOB_UPDATED', message={'progress': 0.6409590181789417, 'job_id': '1a5150e7a1114dc698aecb1513c7d9f5', 'total_progress': 1.0, 'stage': ''})
DEBUG:barbequeue.messaging.backends.inmem:SEND MAILBOX: c1d8fdef21e3435198c5cd9de939a53e MSG: _Message(type='JOB_UPDATED', message={'progress': 0.7051829021524038, 'job_id': '1a5150e7a1114dc698aecb1513c7d9f5', 'total_progress': 1.0, 'stage': ''})
DEBUG:barbequeue.messaging.backends.inmem:SEND MAILBOX: c1d8fdef21e3435198c5cd9de939a53e MSG: _Message(type='JOB_UPDATED', message={'progress': 0.7051829021524038, 'job_id': '1a5150e7a1114dc698aecb1513c7d9f5', 'total_progress': 1.0, 'stage': ''})
DEBUG:barbequeue.messaging.backends.inmem:SEND MAILBOX: c1d8fdef21e3435198c5cd9de939a53e MSG: _Message(type='JOB_UPDATED', message={'progress': 0.7666652038442971, 'job_id': '1a5150e7a1114dc698aecb1513c7d9f5', 'total_progress': 1.0, 'stage': ''})
DEBUG:barbequeue.messaging.backends.inmem:SEND MAILBOX: c1d8fdef21e3435198c5cd9de939a53e MSG: _Message(type='JOB_UPDATED', message={'progress': 0.7666652038442971, 'job_id': '1a5150e7a1114dc698aecb1513c7d9f5', 'total_progress': 1.0, 'stage': ''})

INFO:kolibri.content.utils.transfer:in FileCopy.close  _____________



INFO:kolibri.content.utils.transfer:in Transfer.__exit__

INFO:kolibri.content.utils.transfer:In Transfer.__init__ with {'started': False, 'closed': False, 'finalized': False, 'dest': u'C:\\Users\\IEUser\\.kolibri\\content\\storage\\c\\4\\c48342389ac0302a7ef816b83a4c3998.mp3', 'completed': False, 'source': 'F:\\KOLIBRI_DATA\\content\\storage\\c\\4\\c48342389ac0302a7ef816b83a4c3998.mp3', 'timeout': 20, 'block_size': 2097152, 'dest_tmp': u'C:\\Users\\IEUser\\.kolibri\\content\\storage\\c\\4\\c48342389ac0302a7ef816b83a4c3998.mp3.transfer'}

INFO:kolibri.content.utils.transfer:in Transfer.__enter__

INFO:kolibri.content.utils.transfer:in FileCopy.start  _____________
DEBUG:root:No job to schedule right now.



 DEBUG:barbequeue.messaging.backends.inmem:SEND MAILBOX: c1d8fdef21e3435198c5cd9de939a53e MSG: _Message(type='JOB_UPDATED', message={'progress': 0.7829592177883529, 'job_id': '1a5150e7a1114dc698aecb1513c7d9f5', 'total_progress': 1.0, 'stage': ''})
DEBUG:barbequeue.messaging.backends.inmem:SEND MAILBOX: c1d8fdef21e3435198c5cd9de939a53e MSG: _Message(type='JOB_UPDATED', message={'progress': 0.7829592177883529, 'job_id': '1a5150e7a1114dc698aecb1513c7d9f5', 'total_progress': 1.0, 'stage': ''})

INFO:kolibri.content.utils.transfer:in FileCopy.close  _____________



INFO:kolibri.content.utils.transfer:in Transfer.__exit__
DEBUG:barbequeue.messaging.backends.inmem:SEND MAILBOX: c1d8fdef21e3435198c5cd9de939a53e MSG: _Message(type='JOB_UPDATED', message={'progress': 0.8698990998620036, 'job_id': '1a5150e7a1114dc698aecb1513c7d9f5', 'total_progress': 1.0, 'stage': ''})

INFO:kolibri.content.utils.transfer:In Transfer.__init__ with {'started': False, 'closed': False, 'finalized': False, 'dest': u'C:\\Users\\IEUser\\.kolibri\\content\\storage\\4\\5\\4570debb15acd6f4305ac45cabb2bad6.png', 'completed': False, 'source': 'F:\\KOLIBRI_DATA\\content\\storage\\4\\5\\4570debb15acd6f4305ac45cabb2bad6.png', 'timeout': 20, 'block_size': 2097152, 'dest_tmp': u'C:\\Users\\IEUser\\.kolibri\\content\\storage\\4\\5\\4570debb15acd6f4305ac45cabb2bad6.png.transfer'}

INFO:kolibri.content.utils.transfer:in Transfer.__enter__

INFO:kolibri.content.utils.transfer:in FileCopy.start  _____________


  DEBUG:barbequeue.messaging.backends.inmem:SEND MAILBOX: c1d8fdef21e3435198c5cd9de939a53e MSG: _Message(type='JOB_UPDATED', message={'progress': 0.8699417901840495, 'job_id': '1a5150e7a1114dc698aecb1513c7d9f5', 'total_progress': 1.0, 'stage': ''})
DEBUG:barbequeue.messaging.backends.inmem:SEND MAILBOX: c1d8fdef21e3435198c5cd9de939a53e MSG: _Message(type='JOB_UPDATED', message={'progress': 0.8699417901840495, 'job_id': '1a5150e7a1114dc698aecb1513c7d9f5', 'total_progress': 1.0, 'stage': ''})

INFO:kolibri.content.utils.transfer:in FileCopy.close  _____________



INFO:kolibri.content.utils.transfer:in Transfer.__exit__

INFO:kolibri.content.utils.transfer:In Transfer.__init__ with {'started': False, 'closed': False, 'finalized': False, 'dest': u'C:\\Users\\IEUser\\.kolibri\\content\\storage\\b\\0\\b0dd3f53b17ac0e39a5e7c960e3665a4.jpg', 'completed': False, 'source': 'F:\\KOLIBRI_DATA\\content\\storage\\b\\0\\b0dd3f53b17ac0e39a5e7c960e3665a4.jpg', 'timeout': 20, 'block_size': 2097152, 'dest_tmp': u'C:\\Users\\IEUser\\.kolibri\\content\\storage\\b\\0\\b0dd3f53b17ac0e39a5e7c960e3665a4.jpg.transfer'}

INFO:kolibri.content.utils.transfer:in Transfer.__enter__

INFO:kolibri.content.utils.transfer:in FileCopy.start  _____________


  DEBUG:barbequeue.messaging.backends.inmem:SEND MAILBOX: c1d8fdef21e3435198c5cd9de939a53e MSG: _Message(type='JOB_UPDATED', message={'progress': 0.8717981148333527, 'job_id': '1a5150e7a1114dc698aecb1513c7d9f5', 'total_progress': 1.0, 'stage': ''})
DEBUG:barbequeue.messaging.backends.inmem:SEND MAILBOX: c1d8fdef21e3435198c5cd9de939a53e MSG: _Message(type='JOB_UPDATED', message={'progress': 0.8717981148333527, 'job_id': '1a5150e7a1114dc698aecb1513c7d9f5', 'total_progress': 1.0, 'stage': ''})

INFO:kolibri.content.utils.transfer:in FileCopy.close  _____________



INFO:kolibri.content.utils.transfer:in Transfer.__exit__

INFO:kolibri.content.utils.transfer:In Transfer.__init__ with {'started': False, 'closed': False, 'finalized': False, 'dest': u'C:\\Users\\IEUser\\.kolibri\\content\\storage\\b\\e\\be6f36d201f1d1f7dc227a55ed140b09.perseus', 'completed': False, 'source': 'F:\\KOLIBRI_DATA\\content\\storage\\b\\e\\be6f36d201f1d1f7dc227a55ed140b09.perseus', 'timeout': 20, 'block_size': 2097152, 'dest_tmp': u'C:\\Users\\IEUser\\.kolibri\\content\\storage\\b\\e\\be6f36d201f1d1f7dc227a55ed140b09.perseus.transfer'}

INFO:kolibri.content.utils.transfer:in Transfer.__enter__

INFO:kolibri.content.utils.transfer:in FileCopy.start  _____________
DEBUG:barbequeue.worker.backends.base:Worker message queue currently empty.



 DEBUG:barbequeue.messaging.backends.inmem:SEND MAILBOX: c1d8fdef21e3435198c5cd9de939a53e MSG: _Message(type='JOB_UPDATED', message={'progress': 0.9360219988068147, 'job_id': '1a5150e7a1114dc698aecb1513c7d9f5', 'total_progress': 1.0, 'stage': ''})
DEBUG:barbequeue.messaging.backends.inmem:SEND MAILBOX: c1d8fdef21e3435198c5cd9de939a53e MSG: _Message(type='JOB_UPDATED', message={'progress': 0.9360219988068147, 'job_id': '1a5150e7a1114dc698aecb1513c7d9f5', 'total_progress': 1.0, 'stage': ''})
DEBUG:barbequeue.messaging.backends.inmem:SEND MAILBOX: c1d8fdef21e3435198c5cd9de939a53e MSG: _Message(type='JOB_UPDATED', message={'progress': 0.9580912415904429, 'job_id': '1a5150e7a1114dc698aecb1513c7d9f5', 'total_progress': 1.0, 'stage': ''})
DEBUG:barbequeue.messaging.backends.inmem:SEND MAILBOX: c1d8fdef21e3435198c5cd9de939a53e MSG: _Message(type='JOB_UPDATED', message={'progress': 0.9580912415904429, 'job_id': '1a5150e7a1114dc698aecb1513c7d9f5', 'total_progress': 1.0, 'stage': ''})

INFO:kolibri.content.utils.transfer:in FileCopy.close  _____________



INFO:kolibri.content.utils.transfer:in Transfer.__exit__

INFO:kolibri.content.utils.transfer:In Transfer.__init__ with {'started': False, 'closed': False, 'finalized': False, 'dest': u'C:\\Users\\IEUser\\.kolibri\\content\\storage\\9\\6\\96d4f3bab26d9e9dd808f916d8991f82.jpg', 'completed': False, 'source': 'F:\\KOLIBRI_DATA\\content\\storage\\9\\6\\96d4f3bab26d9e9dd808f916d8991f82.jpg', 'timeout': 20, 'block_size': 2097152, 'dest_tmp': u'C:\\Users\\IEUser\\.kolibri\\content\\storage\\9\\6\\96d4f3bab26d9e9dd808f916d8991f82.jpg.transfer'}

INFO:kolibri.content.utils.transfer:in Transfer.__enter__

INFO:kolibri.content.utils.transfer:in FileCopy.start  _____________


  DEBUG:barbequeue.messaging.backends.inmem:SEND MAILBOX: c1d8fdef21e3435198c5cd9de939a53e MSG: _Message(type='JOB_UPDATED', message={'progress': 0.9622802524094384, 'job_id': '1a5150e7a1114dc698aecb1513c7d9f5', 'total_progress': 1.0, 'stage': ''})
DEBUG:barbequeue.messaging.backends.inmem:SEND MAILBOX: c1d8fdef21e3435198c5cd9de939a53e MSG: _Message(type='JOB_UPDATED', message={'progress': 0.9622802524094384, 'job_id': '1a5150e7a1114dc698aecb1513c7d9f5', 'total_progress': 1.0, 'stage': ''})

INFO:kolibri.content.utils.transfer:in FileCopy.close  _____________



INFO:kolibri.content.utils.transfer:in Transfer.__exit__

INFO:kolibri.content.utils.transfer:In Transfer.__init__ with {'started': False, 'closed': False, 'finalized': False, 'dest': u'C:\\Users\\IEUser\\.kolibri\\content\\storage\\d\\7\\d783a2cae196691493065e73feeaec82.perseus', 'completed': False, 'source': 'F:\\KOLIBRI_DATA\\content\\storage\\d\\7\\d783a2cae196691493065e73feeaec82.perseus', 'timeout': 20, 'block_size': 2097152, 'dest_tmp': u'C:\\Users\\IEUser\\.kolibri\\content\\storage\\d\\7\\d783a2cae196691493065e73feeaec82.perseus.transfer'}

INFO:kolibri.content.utils.transfer:in Transfer.__enter__

INFO:kolibri.content.utils.transfer:in FileCopy.start  _____________

INFO:kolibri.tasks.api:in _job_to_response ########

INFO:kolibri.tasks.api:job is truthy

INFO:kolibri.tasks.api:{'status': 'RUNNING', 'exception': 'None', 'traceback': '', 'percentage': 0.8717981148333527, 'type': 'remoteimport', 'id': '1a5150e7a1114dc698aecb1513c7d9f5'}


  DEBUG:barbequeue.messaging.backends.inmem:SEND MAILBOX: c1d8fdef21e3435198c5cd9de939a53e MSG: _Message(type='JOB_UPDATED', message={'progress': 0.9623889381719496, 'job_id': '1a5150e7a1114dc698aecb1513c7d9f5', 'total_progress': 1.0, 'stage': ''})
DEBUG:barbequeue.messaging.backends.inmem:SEND MAILBOX: c1d8fdef21e3435198c5cd9de939a53e MSG: _Message(type='JOB_UPDATED', message={'progress': 0.9623889381719496, 'job_id': '1a5150e7a1114dc698aecb1513c7d9f5', 'total_progress': 1.0, 'stage': ''})

INFO:kolibri.content.utils.transfer:in FileCopy.close  _____________



INFO:kolibri.content.utils.transfer:in Transfer.__exit__

INFO:kolibri.content.utils.transfer:In Transfer.__init__ with {'started': False, 'closed': False, 'finalized': False, 'dest': u'C:\\Users\\IEUser\\.kolibri\\content\\storage\\d\\c\\dc33e5130077aa99d5b67723063f0ab9.zip', 'completed': False, 'source': 'F:\\KOLIBRI_DATA\\content\\storage\\d\\c\\dc33e5130077aa99d5b67723063f0ab9.zip', 'timeout': 20, 'block_size': 2097152, 'dest_tmp': u'C:\\Users\\IEUser\\.kolibri\\content\\storage\\d\\c\\dc33e5130077aa99d5b67723063f0ab9.zip.transfer'}

INFO:kolibri.content.utils.transfer:in Transfer.__enter__

INFO:kolibri.content.utils.transfer:in FileCopy.start  _____________


  DEBUG:barbequeue.messaging.backends.inmem:SEND MAILBOX: c1d8fdef21e3435198c5cd9de939a53e MSG: _Message(type='JOB_UPDATED', message={'progress': 0.962397237366551, 'job_id': '1a5150e7a1114dc698aecb1513c7d9f5', 'total_progress': 1.0, 'stage': ''})
DEBUG:barbequeue.messaging.backends.inmem:SEND MAILBOX: c1d8fdef21e3435198c5cd9de939a53e MSG: _Message(type='JOB_UPDATED', message={'progress': 0.962397237366551, 'job_id': '1a5150e7a1114dc698aecb1513c7d9f5', 'total_progress': 1.0, 'stage': ''})

INFO:kolibri.content.utils.transfer:in FileCopy.close  _____________



INFO:kolibri.content.utils.transfer:in Transfer.__exit__

INFO:kolibri.content.utils.transfer:In Transfer.__init__ with {'started': False, 'closed': False, 'finalized': False, 'dest': u'C:\\Users\\IEUser\\.kolibri\\content\\storage\\1\\f\\1fd2d82e60815bd7d6cadc9779b261f0.jpg', 'completed': False, 'source': 'F:\\KOLIBRI_DATA\\content\\storage\\1\\f\\1fd2d82e60815bd7d6cadc9779b261f0.jpg', 'timeout': 20, 'block_size': 2097152, 'dest_tmp': u'C:\\Users\\IEUser\\.kolibri\\content\\storage\\1\\f\\1fd2d82e60815bd7d6cadc9779b261f0.jpg.transfer'}

INFO:kolibri.content.utils.transfer:in Transfer.__enter__

INFO:kolibri.content.utils.transfer:in FileCopy.start  _____________
DEBUG:root:No job to schedule right now.


  DEBUG:barbequeue.messaging.backends.inmem:SEND MAILBOX: c1d8fdef21e3435198c5cd9de939a53e MSG: _Message(type='JOB_UPDATED', message={'progress': 0.9760576198075255, 'job_id': '1a5150e7a1114dc698aecb1513c7d9f5', 'total_progress': 1.0, 'stage': ''})
DEBUG:barbequeue.messaging.backends.inmem:SEND MAILBOX: c1d8fdef21e3435198c5cd9de939a53e MSG: _Message(type='JOB_UPDATED', message={'progress': 0.9760576198075255, 'job_id': '1a5150e7a1114dc698aecb1513c7d9f5', 'total_progress': 1.0, 'stage': ''})

INFO:kolibri.content.utils.transfer:in FileCopy.close  _____________



INFO:kolibri.content.utils.transfer:in Transfer.__exit__

INFO:kolibri.content.utils.transfer:In Transfer.__init__ with {'started': False, 'closed': False, 'finalized': False, 'dest': u'C:\\Users\\IEUser\\.kolibri\\content\\storage\\2\\9\\29987069c96377233c0b0b880b8e4a41.perseus', 'completed': False, 'source': 'F:\\KOLIBRI_DATA\\content\\storage\\2\\9\\29987069c96377233c0b0b880b8e4a41.perseus', 'timeout': 20, 'block_size': 2097152, 'dest_tmp': u'C:\\Users\\IEUser\\.kolibri\\content\\storage\\2\\9\\29987069c96377233c0b0b880b8e4a41.perseus.transfer'}

INFO:kolibri.content.utils.transfer:in Transfer.__enter__

INFO:kolibri.content.utils.transfer:in FileCopy.start  _____________


  DEBUG:barbequeue.messaging.backends.inmem:SEND MAILBOX: c1d8fdef21e3435198c5cd9de939a53e MSG: _Message(type='JOB_UPDATED', message={'progress': 0.9765269071066861, 'job_id': '1a5150e7a1114dc698aecb1513c7d9f5', 'total_progress': 1.0, 'stage': ''})
DEBUG:barbequeue.messaging.backends.inmem:SEND MAILBOX: c1d8fdef21e3435198c5cd9de939a53e MSG: _Message(type='JOB_UPDATED', message={'progress': 0.9765269071066861, 'job_id': '1a5150e7a1114dc698aecb1513c7d9f5', 'total_progress': 1.0, 'stage': ''})

INFO:kolibri.content.utils.transfer:in FileCopy.close  _____________



INFO:kolibri.content.utils.transfer:in Transfer.__exit__

INFO:kolibri.content.utils.transfer:In Transfer.__init__ with {'started': False, 'closed': False, 'finalized': False, 'dest': u'C:\\Users\\IEUser\\.kolibri\\content\\storage\\6\\1\\61025280a2a23201186ca365e9734476.pdf', 'completed': False, 'source': 'F:\\KOLIBRI_DATA\\content\\storage\\6\\1\\61025280a2a23201186ca365e9734476.pdf', 'timeout': 20, 'block_size': 2097152, 'dest_tmp': u'C:\\Users\\IEUser\\.kolibri\\content\\storage\\6\\1\\61025280a2a23201186ca365e9734476.pdf.transfer'}

INFO:kolibri.content.utils.transfer:in Transfer.__enter__

INFO:kolibri.content.utils.transfer:in FileCopy.start  _____________


  DEBUG:barbequeue.messaging.backends.inmem:SEND MAILBOX: c1d8fdef21e3435198c5cd9de939a53e MSG: _Message(type='JOB_UPDATED', message={'progress': 0.991268910411603, 'job_id': '1a5150e7a1114dc698aecb1513c7d9f5', 'total_progress': 1.0, 'stage': ''})
DEBUG:barbequeue.messaging.backends.inmem:SEND MAILBOX: c1d8fdef21e3435198c5cd9de939a53e MSG: _Message(type='JOB_UPDATED', message={'progress': 0.991268910411603, 'job_id': '1a5150e7a1114dc698aecb1513c7d9f5', 'total_progress': 1.0, 'stage': ''})

INFO:kolibri.content.utils.transfer:in FileCopy.close  _____________



INFO:kolibri.content.utils.transfer:in Transfer.__exit__

INFO:kolibri.content.utils.transfer:In Transfer.__init__ with {'started': False, 'closed': False, 'finalized': False, 'dest': u'C:\\Users\\IEUser\\.kolibri\\content\\storage\\f\\2\\f2912edc0aa959aef81093442ec715f0.jpg', 'completed': False, 'source': 'F:\\KOLIBRI_DATA\\content\\storage\\f\\2\\f2912edc0aa959aef81093442ec715f0.jpg', 'timeout': 20, 'block_size': 2097152, 'dest_tmp': u'C:\\Users\\IEUser\\.kolibri\\content\\storage\\f\\2\\f2912edc0aa959aef81093442ec715f0.jpg.transfer'}

INFO:kolibri.content.utils.transfer:in Transfer.__enter__

INFO:kolibri.content.utils.transfer:in FileCopy.start  _____________



 DEBUG:barbequeue.messaging.backends.inmem:SEND MAILBOX: c1d8fdef21e3435198c5cd9de939a53e MSG: _Message(type='JOB_UPDATED', message={'progress': 0.9942742294603585, 'job_id': '1a5150e7a1114dc698aecb1513c7d9f5', 'total_progress': 1.0, 'stage': ''})
DEBUG:barbequeue.messaging.backends.inmem:SEND MAILBOX: c1d8fdef21e3435198c5cd9de939a53e MSG: _Message(type='JOB_UPDATED', message={'progress': 0.9942742294603585, 'job_id': '1a5150e7a1114dc698aecb1513c7d9f5', 'total_progress': 1.0, 'stage': ''})

INFO:kolibri.content.utils.transfer:in FileCopy.close  _____________



INFO:kolibri.content.utils.transfer:in Transfer.__exit__

INFO:kolibri.content.utils.transfer:In Transfer.__init__ with {'started': False, 'closed': False, 'finalized': False, 'dest': u'C:\\Users\\IEUser\\.kolibri\\content\\storage\\4\\c\\4c11bff357b35bf30fa975fb246fdc45.pdf', 'completed': False, 'source': 'F:\\KOLIBRI_DATA\\content\\storage\\4\\c\\4c11bff357b35bf30fa975fb246fdc45.pdf', 'timeout': 20, 'block_size': 2097152, 'dest_tmp': u'C:\\Users\\IEUser\\.kolibri\\content\\storage\\4\\c\\4c11bff357b35bf30fa975fb246fdc45.pdf.transfer'}
DEBUG:root:Not creating directory 'C:\Users\IEUser\.kolibri\content\storage\4\c' as it already exists.

INFO:kolibri.content.utils.transfer:in Transfer.__enter__

INFO:kolibri.content.utils.transfer:in FileCopy.start  _____________


  DEBUG:barbequeue.messaging.backends.inmem:SEND MAILBOX: c1d8fdef21e3435198c5cd9de939a53e MSG: _Message(type='JOB_UPDATED', message={'progress': 0.9998841481432573, 'job_id': '1a5150e7a1114dc698aecb1513c7d9f5', 'total_progress': 1.0, 'stage': ''})
DEBUG:barbequeue.messaging.backends.inmem:SEND MAILBOX: c1d8fdef21e3435198c5cd9de939a53e MSG: _Message(type='JOB_UPDATED', message={'progress': 0.9998841481432573, 'job_id': '1a5150e7a1114dc698aecb1513c7d9f5', 'total_progress': 1.0, 'stage': ''})

INFO:kolibri.content.utils.transfer:in FileCopy.close  _____________



INFO:kolibri.content.utils.transfer:in Transfer.__exit__

INFO:kolibri.content.utils.transfer:In Transfer.__init__ with {'started': False, 'closed': False, 'finalized': False, 'dest': u'C:\\Users\\IEUser\\.kolibri\\content\\storage\\e\\4\\e49dad5070c0d24cba1f48efe75e21a2.jpg', 'completed': False, 'source': 'F:\\KOLIBRI_DATA\\content\\storage\\e\\4\\e49dad5070c0d24cba1f48efe75e21a2.jpg', 'timeout': 20, 'block_size': 2097152, 'dest_tmp': u'C:\\Users\\IEUser\\.kolibri\\content\\storage\\e\\4\\e49dad5070c0d24cba1f48efe75e21a2.jpg.transfer'}

INFO:kolibri.content.utils.transfer:in Transfer.__enter__

INFO:kolibri.content.utils.transfer:in FileCopy.start  _____________


  DEBUG:barbequeue.messaging.backends.inmem:SEND MAILBOX: c1d8fdef21e3435198c5cd9de939a53e MSG: _Message(type='JOB_UPDATED', message={'progress': 1.0, 'job_id': '1a5150e7a1114dc698aecb1513c7d9f5', 'total_progress': 1.0, 'stage': ''})
DEBUG:barbequeue.messaging.backends.inmem:SEND MAILBOX: c1d8fdef21e3435198c5cd9de939a53e MSG: _Message(type='JOB_UPDATED', message={'progress': 1.0, 'job_id': '1a5150e7a1114dc698aecb1513c7d9f5', 'total_progress': 1.0, 'stage': ''})

INFO:kolibri.content.utils.transfer:in FileCopy.close  _____________



INFO:kolibri.content.utils.transfer:in Transfer.__exit__
DEBUG:barbequeue.messaging.backends.inmem:SEND MAILBOX: c1d8fdef21e3435198c5cd9de939a53e MSG: _Message(type='JOB_COMPLETED', message={'job_id': '1a5150e7a1114dc698aecb1513c7d9f5', 'result': None})
DEBUG:barbequeue.worker.backends.base:Worker message queue currently empty.
DEBUG:root:No job to schedule right now.

INFO:kolibri.tasks.api:in _job_to_response ########

INFO:kolibri.tasks.api:job is truthy

INFO:kolibri.tasks.api:{'status': 'RUNNING', 'exception': 'None', 'traceback': '', 'percentage': 0.9998841481432573, 'type': 'remoteimport', 'id': '1a5150e7a1114dc698aecb1513c7d9f5'}
DEBUG:root:No job to schedule right now.
DEBUG:barbequeue.worker.backends.base:Worker message queue currently empty.

INFO:kolibri.tasks.api:in _job_to_response ########

INFO:kolibri.tasks.api:job is truthy

INFO:kolibri.tasks.api:{'status': 'COMPLETED', 'exception': 'None', 'traceback': '', 'percentage': 1.0, 'type': 'remoteimport', 'id': '1a5150e7a1114dc698aecb1513c7d9f5'}
DEBUG:root:No job to schedule right now.
DEBUG:barbequeue.worker.backends.base:Worker message queue currently empty.
DEBUG:root:No job to schedule right now.

INFO:kolibri.tasks.api:in _job_to_response ########

INFO:kolibri.tasks.api:job is truthy

INFO:kolibri.tasks.api:{'status': 'COMPLETED', 'exception': 'None', 'traceback': '', 'percentage': 1.0, 'type': 'remoteimport', 'id': '1a5150e7a1114dc698aecb1513c7d9f5'}
DEBUG:barbequeue.worker.backends.base:Worker message queue currently empty.
DEBUG:root:No job to schedule right now.
DEBUG:root:No job to schedule right now.
DEBUG:barbequeue.worker.backends.base:Worker message queue currently empty.
DEBUG:root:No job to schedule right now.
DEBUG:barbequeue.worker.backends.base:Worker message queue currently empty.
DEBUG:root:No job to schedule right now.
DEBUG:barbequeue.worker.backends.base:Worker message queue currently empty.
DEBUG:root:No job to schedule right now.
DEBUG:barbequeue.worker.backends.base:Worker message queue currently empty.
DEBUG:root:No job to schedule right now.
DEBUG:root:No job to schedule right now.
DEBUG:barbequeue.worker.backends.base:Worker message queue currently empty.
DEBUG:root:No job to schedule right now.
DEBUG:barbequeue.worker.backends.base:Worker message queue currently empty.
DEBUG:root:No job to schedule right now.
DEBUG:barbequeue.worker.backends.base:Worker message queue currently empty.
DEBUG:root:No job to schedule right now.
DEBUG:root:No job to schedule right now.
DEBUG:barbequeue.worker.backends.base:Worker message queue currently empty.
DEBUG:root:No job to schedule right now.
DEBUG:barbequeue.worker.backends.base:Worker message queue currently empty.
DEBUG:root:No job to schedule right now.
DEBUG:barbequeue.worker.backends.base:Worker message queue currently empty.
DEBUG:root:No job to schedule right now.
DEBUG:barbequeue.worker.backends.base:Worker message queue currently empty.
DEBUG:root:No job to schedule right now.
DEBUG:root:No job to schedule right now.
DEBUG:barbequeue.worker.backends.base:Worker message queue currently empty.
DEBUG:root:No job to schedule right now.
DEBUG:barbequeue.worker.backends.base:Worker message queue currently empty.
DEBUG:root:No job to schedule right now.
DEBUG:barbequeue.worker.backends.base:Worker message queue currently empty.
DEBUG:root:No job to schedule right now.
DEBUG:barbequeue.worker.backends.base:Worker message queue currently empty.
DEBUG:root:No job to schedule right now.
DEBUG:root:No job to schedule right now.
DEBUG:barbequeue.worker.backends.base:Worker message queue currently empty.
DEBUG:root:No job to schedule right now.
DEBUG:barbequeue.worker.backends.base:Worker message queue currently empty.
DEBUG:root:No job to schedule right now.
DEBUG:barbequeue.worker.backends.base:Worker message queue currently empty.
DEBUG:root:No job to schedule right now.
DEBUG:root:No job to schedule right now.
DEBUG:barbequeue.worker.backends.base:Worker message queue currently empty.
DEBUG:root:No job to schedule right now.
DEBUG:barbequeue.worker.backends.base:Worker message queue currently empty.
DEBUG:root:No job to schedule right now.
DEBUG:barbequeue.worker.backends.base:Worker message queue currently empty.
DEBUG:root:No job to schedule right now.
DEBUG:barbequeue.worker.backends.base:Worker message queue currently empty.
DEBUG:root:No job to schedule right now.
DEBUG:root:No job to schedule right now.
DEBUG:barbequeue.worker.backends.base:Worker message queue currently empty.
DEBUG:root:No job to schedule right now.
DEBUG:barbequeue.worker.backends.base:Worker message queue currently empty.
DEBUG:root:No job to schedule right now.
DEBUG:barbequeue.worker.backends.base:Worker message queue currently empty.
DEBUG:root:No job to schedule right now.
DEBUG:root:No job to schedule right now.
DEBUG:barbequeue.worker.backends.base:Worker message queue currently empty.
DEBUG:root:No job to schedule right now.
DEBUG:barbequeue.worker.backends.base:Worker message queue currently empty.
DEBUG:root:No job to schedule right now.
DEBUG:barbequeue.worker.backends.base:Worker message queue currently empty.
DEBUG:root:No job to schedule right now.
DEBUG:barbequeue.worker.backends.base:Worker message queue currently empty.
DEBUG:root:No job to schedule right now.
DEBUG:root:No job to schedule right now.
DEBUG:barbequeue.worker.backends.base:Worker message queue currently empty.
DEBUG:root:No job to schedule right now.
DEBUG:barbequeue.worker.backends.base:Worker message queue currently empty.
DEBUG:root:No job to schedule right now.
DEBUG:barbequeue.worker.backends.base:Worker message queue currently empty.
DEBUG:root:No job to schedule right now.
DEBUG:root:No job to schedule right now.
DEBUG:barbequeue.worker.backends.base:Worker message queue currently empty.
DEBUG:root:No job to schedule right now.
DEBUG:barbequeue.worker.backends.base:Worker message queue currently empty.
DEBUG:root:No job to schedule right now.
DEBUG:barbequeue.worker.backends.base:Worker message queue currently empty.
DEBUG:root:No job to schedule right now.
DEBUG:barbequeue.worker.backends.base:Worker message queue currently empty.
DEBUG:root:No job to schedule right now.
DEBUG:root:No job to schedule right now.
DEBUG:barbequeue.worker.backends.base:Worker message queue currently empty.
DEBUG:root:No job to schedule right now.
DEBUG:barbequeue.worker.backends.base:Worker message queue currently empty.
DEBUG:root:No job to schedule right now.
DEBUG:barbequeue.worker.backends.base:Worker message queue currently empty.
DEBUG:root:No job to schedule right now.
DEBUG:barbequeue.worker.backends.base:Worker message queue currently empty.
DEBUG:root:No job to schedule right now.
DEBUG:root:No job to schedule right now.
